<?xml version="1.0" encoding="utf-8"?>
<test-run id="0" testcasecount="175" total="175" passed="175" failed="0" inconclusive="0" skipped="0" asserts="759" result="Passed" portable-engine-version="3.3.0.0" start-time="2017-01-14 02:02:43Z" end-time="2017-01-14 02:02:45Z" duration="1.729492">
  <test-run id="0" testcasecount="175" total="175" passed="175" failed="0" inconclusive="0" skipped="0" asserts="759" result="Passed" portable-engine-version="3.3.0.0" start-time="2017-01-14 02:02:43Z" end-time="2017-01-14 02:02:45Z" duration="1.569822">
    <test-suite type="Assembly" id="1209" name="DateTimeExtensions.Tests.DLL" fullname="c:/JMS/Repository/DateTimeExtensions/tests/DateTimeExtensions.Tests/bin/Debug/net451/win7-x64/DateTimeExtensions.Tests.DLL" runstate="Runnable" testcasecount="175" result="Passed" start-time="2017-01-14 02:02:43Z" end-time="2017-01-14 02:02:45Z" duration="1.489637" total="175" passed="175" failed="0" warnings="0" inconclusive="0" skipped="0" asserts="759">
      <environment framework-version="3.6.0.0" clr-version="4.0.30319.42000" os-version="Microsoft Windows NT 6.2.9200.0" platform="Win32NT" cwd="c:\JMS\Repository\DateTimeExtensions\tests\DateTimeExtensions.Tests" machine-name="JMS-MINDBUS" user="João" user-domain="JMS-MINDBUS" culture="pt-PT" uiculture="en-US" os-architecture="x64" />
      <settings>
        <setting name="WorkDirectory" value="c:\JMS\Repository\DateTimeExtensions\tests\DateTimeExtensions.Tests" />
        <setting name="NumberOfTestWorkers" value="4" />
      </settings>
      <properties>
        <property name="_PID" value="14560" />
        <property name="_APPDOMAIN" value="dotnet-test-nunit.exe" />
      </properties>
      <test-suite type="TestSuite" id="1210" name="DateTimeExtensions" fullname="DateTimeExtensions" runstate="Runnable" testcasecount="175" result="Passed" start-time="2017-01-14 02:02:43Z" end-time="2017-01-14 02:02:45Z" duration="1.470684" total="175" passed="175" failed="0" warnings="0" inconclusive="0" skipped="0" asserts="759">
        <test-suite type="TestSuite" id="1211" name="Tests" fullname="DateTimeExtensions.Tests" runstate="Runnable" testcasecount="175" result="Passed" start-time="2017-01-14 02:02:43Z" end-time="2017-01-14 02:02:45Z" duration="1.466664" total="175" passed="175" failed="0" warnings="0" inconclusive="0" skipped="0" asserts="759">
          <test-suite type="TestFixture" id="1000" name="ARSAWorkingDays" fullname="DateTimeExtensions.Tests.ARSAWorkingDays" classname="DateTimeExtensions.Tests.ARSAWorkingDays" runstate="Runnable" testcasecount="4" result="Passed" start-time="2017-01-14 02:02:43Z" end-time="2017-01-14 02:02:44Z" duration="0.100168" total="4" passed="4" failed="0" warnings="0" inconclusive="0" skipped="0" asserts="37">
            <test-case id="1002" name="are_working_days_on_friday_and_saturday" fullname="DateTimeExtensions.Tests.ARSAWorkingDays.are_working_days_on_friday_and_saturday" methodname="are_working_days_on_friday_and_saturday" classname="DateTimeExtensions.Tests.ARSAWorkingDays" runstate="Runnable" seed="1962931001" result="Passed" start-time="2017-01-14 02:02:44Z" end-time="2017-01-14 02:02:44Z" duration="0.017855" asserts="2" />
            <test-case id="1004" name="can_generate_holidays" fullname="DateTimeExtensions.Tests.ARSAWorkingDays.can_generate_holidays" methodname="can_generate_holidays" classname="DateTimeExtensions.Tests.ARSAWorkingDays" runstate="Runnable" seed="1499265371" result="Passed" start-time="2017-01-14 02:02:44Z" end-time="2017-01-14 02:02:44Z" duration="0.041121" asserts="20" />
            <test-case id="1001" name="can_get_strateryies" fullname="DateTimeExtensions.Tests.ARSAWorkingDays.can_get_strateryies" methodname="can_get_strateryies" classname="DateTimeExtensions.Tests.ARSAWorkingDays" runstate="Runnable" seed="117884666" result="Passed" start-time="2017-01-14 02:02:44Z" end-time="2017-01-14 02:02:44Z" duration="0.010559" asserts="2" />
            <test-case id="1003" name="holiday_days_span" fullname="DateTimeExtensions.Tests.ARSAWorkingDays.holiday_days_span" methodname="holiday_days_span" classname="DateTimeExtensions.Tests.ARSAWorkingDays" runstate="Runnable" seed="1395738057" result="Passed" start-time="2017-01-14 02:02:44Z" end-time="2017-01-14 02:02:44Z" duration="0.002596" asserts="13" />
          </test-suite>
          <test-suite type="TestFixture" id="1005" name="ChineseHolidaysTests" fullname="DateTimeExtensions.Tests.ChineseHolidaysTests" classname="DateTimeExtensions.Tests.ChineseHolidaysTests" runstate="Runnable" testcasecount="2" result="Passed" start-time="2017-01-14 02:02:44Z" end-time="2017-01-14 02:02:44Z" duration="0.013135" total="2" passed="2" failed="0" warnings="0" inconclusive="0" skipped="0" asserts="6">
            <test-case id="1006" name="SpringFetivalTests" fullname="DateTimeExtensions.Tests.ChineseHolidaysTests.SpringFetivalTests" methodname="SpringFetivalTests" classname="DateTimeExtensions.Tests.ChineseHolidaysTests" runstate="Runnable" seed="1993791830" result="Passed" start-time="2017-01-14 02:02:44Z" end-time="2017-01-14 02:02:44Z" duration="0.003604" asserts="3" />
            <test-case id="1007" name="TombSweepingDayTests" fullname="DateTimeExtensions.Tests.ChineseHolidaysTests.TombSweepingDayTests" methodname="TombSweepingDayTests" classname="DateTimeExtensions.Tests.ChineseHolidaysTests" runstate="Runnable" seed="179574008" result="Passed" start-time="2017-01-14 02:02:44Z" end-time="2017-01-14 02:02:44Z" duration="0.002205" asserts="3" />
          </test-suite>
          <test-suite type="TestFixture" id="1008" name="ChristianHolidaysTests" fullname="DateTimeExtensions.Tests.ChristianHolidaysTests" classname="DateTimeExtensions.Tests.ChristianHolidaysTests" runstate="Runnable" testcasecount="5" result="Passed" start-time="2017-01-14 02:02:44Z" end-time="2017-01-14 02:02:44Z" duration="0.038371" total="5" passed="5" failed="0" warnings="0" inconclusive="0" skipped="0" asserts="135">
            <test-case id="1011" name="ascencion_is_39_days_after_easter" fullname="DateTimeExtensions.Tests.ChristianHolidaysTests.ascencion_is_39_days_after_easter" methodname="ascencion_is_39_days_after_easter" classname="DateTimeExtensions.Tests.ChristianHolidaysTests" runstate="Runnable" seed="722654121" result="Passed" start-time="2017-01-14 02:02:44Z" end-time="2017-01-14 02:02:44Z" duration="0.003847" asserts="27" />
            <test-case id="1009" name="can_calculate_easter" fullname="DateTimeExtensions.Tests.ChristianHolidaysTests.can_calculate_easter" methodname="can_calculate_easter" classname="DateTimeExtensions.Tests.ChristianHolidaysTests" runstate="Runnable" seed="212724153" result="Passed" start-time="2017-01-14 02:02:44Z" end-time="2017-01-14 02:02:44Z" duration="0.002320" asserts="27" />
            <test-case id="1013" name="carnival_is_47_days_before_easter" fullname="DateTimeExtensions.Tests.ChristianHolidaysTests.carnival_is_47_days_before_easter" methodname="carnival_is_47_days_before_easter" classname="DateTimeExtensions.Tests.ChristianHolidaysTests" runstate="Runnable" seed="774481028" result="Passed" start-time="2017-01-14 02:02:44Z" end-time="2017-01-14 02:02:44Z" duration="0.001227" asserts="27" />
            <test-case id="1012" name="palmSunday_is_7_days_before_easter" fullname="DateTimeExtensions.Tests.ChristianHolidaysTests.palmSunday_is_7_days_before_easter" methodname="palmSunday_is_7_days_before_easter" classname="DateTimeExtensions.Tests.ChristianHolidaysTests" runstate="Runnable" seed="741590904" result="Passed" start-time="2017-01-14 02:02:44Z" end-time="2017-01-14 02:02:44Z" duration="0.009064" asserts="27" />
            <test-case id="1010" name="pentecost_is_49_days_after_easter" fullname="DateTimeExtensions.Tests.ChristianHolidaysTests.pentecost_is_49_days_after_easter" methodname="pentecost_is_49_days_after_easter" classname="DateTimeExtensions.Tests.ChristianHolidaysTests" runstate="Runnable" seed="179304041" result="Passed" start-time="2017-01-14 02:02:44Z" end-time="2017-01-14 02:02:44Z" duration="0.001339" asserts="27" />
          </test-suite>
          <test-suite type="TestFixture" id="1196" name="DefaultNamesTest" fullname="DateTimeExtensions.Tests.DefaultNamesTest" classname="DateTimeExtensions.Tests.DefaultNamesTest" runstate="Runnable" testcasecount="1" result="Passed" start-time="2017-01-14 02:02:44Z" end-time="2017-01-14 02:02:44Z" duration="0.061088" total="1" passed="1" failed="0" warnings="0" inconclusive="0" skipped="0" asserts="13">
            <test-case id="1197" name="AssertDefaultGlobalHolidaysAreTranslated" fullname="DateTimeExtensions.Tests.DefaultNamesTest.AssertDefaultGlobalHolidaysAreTranslated" methodname="AssertDefaultGlobalHolidaysAreTranslated" classname="DateTimeExtensions.Tests.DefaultNamesTest" runstate="Runnable" seed="1845584061" result="Passed" start-time="2017-01-14 02:02:44Z" end-time="2017-01-14 02:02:44Z" duration="0.057574" asserts="13" />
          </test-suite>
          <test-suite type="TestFixture" id="1014" name="en_NZCalendarTest" fullname="DateTimeExtensions.Tests.en_NZCalendarTest" classname="DateTimeExtensions.Tests.en_NZCalendarTest" runstate="Runnable" testcasecount="4" result="Passed" start-time="2017-01-14 02:02:44Z" end-time="2017-01-14 02:02:44Z" duration="0.022994" total="4" passed="4" failed="0" warnings="0" inconclusive="0" skipped="0" asserts="32">
            <test-case id="1018" name="BoxingDay" fullname="DateTimeExtensions.Tests.en_NZCalendarTest.BoxingDay" methodname="BoxingDay" classname="DateTimeExtensions.Tests.en_NZCalendarTest" runstate="Runnable" seed="185585866" result="Passed" start-time="2017-01-14 02:02:44Z" end-time="2017-01-14 02:02:44Z" duration="0.005524" asserts="8" />
            <test-case id="1017" name="Christmas" fullname="DateTimeExtensions.Tests.en_NZCalendarTest.Christmas" methodname="Christmas" classname="DateTimeExtensions.Tests.en_NZCalendarTest" runstate="Runnable" seed="1497906204" result="Passed" start-time="2017-01-14 02:02:44Z" end-time="2017-01-14 02:02:44Z" duration="0.000852" asserts="8" />
            <test-case id="1016" name="DayAfterNewYearsDay" fullname="DateTimeExtensions.Tests.en_NZCalendarTest.DayAfterNewYearsDay" methodname="DayAfterNewYearsDay" classname="DateTimeExtensions.Tests.en_NZCalendarTest" runstate="Runnable" seed="7595669" result="Passed" start-time="2017-01-14 02:02:44Z" end-time="2017-01-14 02:02:44Z" duration="0.001341" asserts="8" />
            <test-case id="1015" name="NewYearsDay" fullname="DateTimeExtensions.Tests.en_NZCalendarTest.NewYearsDay" methodname="NewYearsDay" classname="DateTimeExtensions.Tests.en_NZCalendarTest" runstate="Runnable" seed="1157148448" result="Passed" start-time="2017-01-14 02:02:44Z" end-time="2017-01-14 02:02:44Z" duration="0.001137" asserts="8" />
          </test-suite>
          <test-suite type="TestFixture" id="1019" name="ExampleTests" fullname="DateTimeExtensions.Tests.ExampleTests" classname="DateTimeExtensions.Tests.ExampleTests" runstate="Runnable" testcasecount="12" result="Passed" start-time="2017-01-14 02:02:44Z" end-time="2017-01-14 02:02:44Z" duration="0.102853" total="12" passed="12" failed="0" warnings="0" inconclusive="0" skipped="0" asserts="58">
            <test-case id="1024" name="check_working_day" fullname="DateTimeExtensions.Tests.ExampleTests.check_working_day" methodname="check_working_day" classname="DateTimeExtensions.Tests.ExampleTests" runstate="Runnable" seed="337805916" result="Passed" start-time="2017-01-14 02:02:44Z" end-time="2017-01-14 02:02:44Z" duration="0.030056" asserts="4" />
            <test-case id="1031" name="get_first_and_last_tuesday_of_august" fullname="DateTimeExtensions.Tests.ExampleTests.get_first_and_last_tuesday_of_august" methodname="get_first_and_last_tuesday_of_august" classname="DateTimeExtensions.Tests.ExampleTests" runstate="Runnable" seed="424667106" result="Passed" start-time="2017-01-14 02:02:44Z" end-time="2017-01-14 02:02:44Z" duration="0.000787" asserts="2" />
            <test-case id="1030" name="get_next_and_last_tuesday" fullname="DateTimeExtensions.Tests.ExampleTests.get_next_and_last_tuesday" methodname="get_next_and_last_tuesday" classname="DateTimeExtensions.Tests.ExampleTests" runstate="Runnable" seed="106008140" result="Passed" start-time="2017-01-14 02:02:44Z" end-time="2017-01-14 02:02:44Z" duration="0.000429" asserts="2" />
            <test-case id="1029" name="get_us_holidays_in_2015_passes" fullname="DateTimeExtensions.Tests.ExampleTests.get_us_holidays_in_2015_passes" methodname="get_us_holidays_in_2015_passes" classname="DateTimeExtensions.Tests.ExampleTests" runstate="Runnable" seed="690990394" result="Passed" start-time="2017-01-14 02:02:44Z" end-time="2017-01-14 02:02:44Z" duration="0.016177" asserts="11" />
            <test-case id="1028" name="get_year_prior_2013_holidays_in_portugal" fullname="DateTimeExtensions.Tests.ExampleTests.get_year_prior_2013_holidays_in_portugal" methodname="get_year_prior_2013_holidays_in_portugal" classname="DateTimeExtensions.Tests.ExampleTests" runstate="Runnable" seed="2045104127" result="Passed" start-time="2017-01-14 02:02:44Z" end-time="2017-01-14 02:02:44Z" duration="0.001662" asserts="14" />
            <test-case id="1027" name="get_year_since_2013_holidays_in_portugal" fullname="DateTimeExtensions.Tests.ExampleTests.get_year_since_2013_holidays_in_portugal" methodname="get_year_since_2013_holidays_in_portugal" classname="DateTimeExtensions.Tests.ExampleTests" runstate="Runnable" seed="1438171198" result="Passed" start-time="2017-01-14 02:02:44Z" end-time="2017-01-14 02:02:44Z" duration="0.001632" asserts="10" />
            <test-case id="1022" name="globally_recomended_calculation" fullname="DateTimeExtensions.Tests.ExampleTests.globally_recomended_calculation" methodname="globally_recomended_calculation" classname="DateTimeExtensions.Tests.ExampleTests" runstate="Runnable" seed="664312825" result="Passed" start-time="2017-01-14 02:02:44Z" end-time="2017-01-14 02:02:44Z" duration="0.001455" asserts="2" />
            <test-case id="1023" name="holidays" fullname="DateTimeExtensions.Tests.ExampleTests.holidays" methodname="holidays" classname="DateTimeExtensions.Tests.ExampleTests" runstate="Runnable" seed="964688526" result="Passed" start-time="2017-01-14 02:02:44Z" end-time="2017-01-14 02:02:44Z" duration="0.001795" asserts="4" />
            <test-case id="1026" name="provide_custom_culture" fullname="DateTimeExtensions.Tests.ExampleTests.provide_custom_culture" methodname="provide_custom_culture" classname="DateTimeExtensions.Tests.ExampleTests" runstate="Runnable" seed="2096966935" result="Passed" start-time="2017-01-14 02:02:44Z" end-time="2017-01-14 02:02:44Z" duration="0.003322" asserts="3" />
            <test-case id="1025" name="provide_custom_strategies" fullname="DateTimeExtensions.Tests.ExampleTests.provide_custom_strategies" methodname="provide_custom_strategies" classname="DateTimeExtensions.Tests.ExampleTests" runstate="Runnable" seed="1552666296" result="Passed" start-time="2017-01-14 02:02:44Z" end-time="2017-01-14 02:02:44Z" duration="0.002378" asserts="2" />
            <test-case id="1021" name="recomended_calculation" fullname="DateTimeExtensions.Tests.ExampleTests.recomended_calculation" methodname="recomended_calculation" classname="DateTimeExtensions.Tests.ExampleTests" runstate="Runnable" seed="1619919365" result="Passed" start-time="2017-01-14 02:02:44Z" end-time="2017-01-14 02:02:44Z" duration="0.000798" asserts="2" />
            <test-case id="1020" name="simple_calculation" fullname="DateTimeExtensions.Tests.ExampleTests.simple_calculation" methodname="simple_calculation" classname="DateTimeExtensions.Tests.ExampleTests" runstate="Runnable" seed="901772902" result="Passed" start-time="2017-01-14 02:02:44Z" end-time="2017-01-14 02:02:44Z" duration="0.001090" asserts="2" />
          </test-suite>
          <test-suite type="TestFixture" id="1032" name="FrCaHolidaysTests" fullname="DateTimeExtensions.Tests.FrCaHolidaysTests" classname="DateTimeExtensions.Tests.FrCaHolidaysTests" runstate="Runnable" testcasecount="4" result="Passed" start-time="2017-01-14 02:02:44Z" end-time="2017-01-14 02:02:44Z" duration="0.019188" total="4" passed="4" failed="0" warnings="0" inconclusive="0" skipped="0" asserts="5">
            <test-case id="1034" name="assert_holidays_count" fullname="DateTimeExtensions.Tests.FrCaHolidaysTests.assert_holidays_count" methodname="assert_holidays_count" classname="DateTimeExtensions.Tests.FrCaHolidaysTests" runstate="Runnable" seed="169568018" result="Passed" start-time="2017-01-14 02:02:44Z" end-time="2017-01-14 02:02:44Z" duration="0.004746" asserts="1" />
            <test-case id="1035" name="assert_holidays_on_weekend_observed_on_monday" fullname="DateTimeExtensions.Tests.FrCaHolidaysTests.assert_holidays_on_weekend_observed_on_monday" methodname="assert_holidays_on_weekend_observed_on_monday" classname="DateTimeExtensions.Tests.FrCaHolidaysTests" runstate="Runnable" seed="299269094" result="Passed" start-time="2017-01-14 02:02:44Z" end-time="2017-01-14 02:02:44Z" duration="0.001347" asserts="2" />
            <test-case id="1033" name="can_get_stratery" fullname="DateTimeExtensions.Tests.FrCaHolidaysTests.can_get_stratery" methodname="can_get_stratery" classname="DateTimeExtensions.Tests.FrCaHolidaysTests" runstate="Runnable" seed="1127504849" result="Passed" start-time="2017-01-14 02:02:44Z" end-time="2017-01-14 02:02:44Z" duration="0.000680" asserts="1" />
            <test-case id="1036" name="CanWorkOn2016" fullname="DateTimeExtensions.Tests.FrCaHolidaysTests.CanWorkOn2016" methodname="CanWorkOn2016" classname="DateTimeExtensions.Tests.FrCaHolidaysTests" runstate="Runnable" seed="783085466" result="Passed" start-time="2017-01-14 02:02:44Z" end-time="2017-01-14 02:02:44Z" duration="0.000633" asserts="1" />
          </test-suite>
          <test-suite type="TestFixture" id="1037" name="FRNaturalTimeTests" fullname="DateTimeExtensions.Tests.FRNaturalTimeTests" classname="DateTimeExtensions.Tests.FRNaturalTimeTests" runstate="Runnable" testcasecount="8" result="Passed" start-time="2017-01-14 02:02:44Z" end-time="2017-01-14 02:02:44Z" duration="0.054032" total="8" passed="8" failed="0" warnings="0" inconclusive="0" skipped="0" asserts="35">
            <test-case id="1042" name="are_orderless" fullname="DateTimeExtensions.Tests.FRNaturalTimeTests.are_orderless" methodname="are_orderless" classname="DateTimeExtensions.Tests.FRNaturalTimeTests" runstate="Runnable" seed="2132496143" result="Passed" start-time="2017-01-14 02:02:44Z" end-time="2017-01-14 02:02:44Z" duration="0.016317" asserts="5" />
            <test-case id="1045" name="can_pluralize" fullname="DateTimeExtensions.Tests.FRNaturalTimeTests.can_pluralize" methodname="can_pluralize" classname="DateTimeExtensions.Tests.FRNaturalTimeTests" runstate="Runnable" seed="845492662" result="Passed" start-time="2017-01-14 02:02:44Z" end-time="2017-01-14 02:02:44Z" duration="0.000700" asserts="6" />
            <test-case id="1044" name="can_pluralize_months" fullname="DateTimeExtensions.Tests.FRNaturalTimeTests.can_pluralize_months" methodname="can_pluralize_months" classname="DateTimeExtensions.Tests.FRNaturalTimeTests" runstate="Runnable" seed="1677644831" result="Passed" start-time="2017-01-14 02:02:44Z" end-time="2017-01-14 02:02:44Z" duration="0.003525" asserts="6" />
            <test-case id="1043" name="can_pluralize_years" fullname="DateTimeExtensions.Tests.FRNaturalTimeTests.can_pluralize_years" methodname="can_pluralize_years" classname="DateTimeExtensions.Tests.FRNaturalTimeTests" runstate="Runnable" seed="615639214" result="Passed" start-time="2017-01-14 02:02:44Z" end-time="2017-01-14 02:02:44Z" duration="0.001078" asserts="6" />
            <test-case id="1040" name="can_tranlate_to_exact_natural_text" fullname="DateTimeExtensions.Tests.FRNaturalTimeTests.can_tranlate_to_exact_natural_text" methodname="can_tranlate_to_exact_natural_text" classname="DateTimeExtensions.Tests.FRNaturalTimeTests" runstate="Runnable" seed="73954780" result="Passed" start-time="2017-01-14 02:02:44Z" end-time="2017-01-14 02:02:44Z" duration="0.000554" asserts="3" />
            <test-case id="1041" name="can_tranlate_to_exact_natural_text_full" fullname="DateTimeExtensions.Tests.FRNaturalTimeTests.can_tranlate_to_exact_natural_text_full" methodname="can_tranlate_to_exact_natural_text_full" classname="DateTimeExtensions.Tests.FRNaturalTimeTests" runstate="Runnable" seed="1286872260" result="Passed" start-time="2017-01-14 02:02:44Z" end-time="2017-01-14 02:02:44Z" duration="0.000542" asserts="3" />
            <test-case id="1038" name="can_tranlate_to_natural_text" fullname="DateTimeExtensions.Tests.FRNaturalTimeTests.can_tranlate_to_natural_text" methodname="can_tranlate_to_natural_text" classname="DateTimeExtensions.Tests.FRNaturalTimeTests" runstate="Runnable" seed="482155929" result="Passed" start-time="2017-01-14 02:02:44Z" end-time="2017-01-14 02:02:44Z" duration="0.000669" asserts="3" />
            <test-case id="1039" name="can_tranlate_to_natural_text_rounded" fullname="DateTimeExtensions.Tests.FRNaturalTimeTests.can_tranlate_to_natural_text_rounded" methodname="can_tranlate_to_natural_text_rounded" classname="DateTimeExtensions.Tests.FRNaturalTimeTests" runstate="Runnable" seed="1594364186" result="Passed" start-time="2017-01-14 02:02:44Z" end-time="2017-01-14 02:02:44Z" duration="0.000812" asserts="3" />
          </test-suite>
          <test-suite type="TestFixture" id="1046" name="GenericCalendarTests" fullname="DateTimeExtensions.Tests.GenericCalendarTests" classname="DateTimeExtensions.Tests.GenericCalendarTests" runstate="Runnable" testcasecount="8" result="Passed" start-time="2017-01-14 02:02:44Z" end-time="2017-01-14 02:02:44Z" duration="0.042537" total="8" passed="8" failed="0" warnings="0" inconclusive="0" skipped="0" asserts="28">
            <test-case id="1051" name="adding_large_number_of_days" fullname="DateTimeExtensions.Tests.GenericCalendarTests.adding_large_number_of_days" methodname="adding_large_number_of_days" classname="DateTimeExtensions.Tests.GenericCalendarTests" runstate="Runnable" seed="688836845" result="Passed" start-time="2017-01-14 02:02:44Z" end-time="2017-01-14 02:02:44Z" duration="0.000436" asserts="2" />
            <test-case id="1048" name="adding_working_days_should_not_count_weekends" fullname="DateTimeExtensions.Tests.GenericCalendarTests.adding_working_days_should_not_count_weekends" methodname="adding_working_days_should_not_count_weekends" classname="DateTimeExtensions.Tests.GenericCalendarTests" runstate="Runnable" seed="1007529658" result="Passed" start-time="2017-01-14 02:02:44Z" end-time="2017-01-14 02:02:44Z" duration="0.000501" asserts="5" />
            <test-case id="1050" name="adding_zero_working_days_should_return_same_day" fullname="DateTimeExtensions.Tests.GenericCalendarTests.adding_zero_working_days_should_return_same_day" methodname="adding_zero_working_days_should_return_same_day" classname="DateTimeExtensions.Tests.GenericCalendarTests" runstate="Runnable" seed="679071748" result="Passed" start-time="2017-01-14 02:02:44Z" end-time="2017-01-14 02:02:44Z" duration="0.000336" asserts="3" />
            <test-case id="1047" name="default_working_days" fullname="DateTimeExtensions.Tests.GenericCalendarTests.default_working_days" methodname="default_working_days" classname="DateTimeExtensions.Tests.GenericCalendarTests" runstate="Runnable" seed="1750917123" result="Passed" start-time="2017-01-14 02:02:44Z" end-time="2017-01-14 02:02:44Z" duration="0.001198" asserts="10" />
            <test-case id="1052" name="get_working_days" fullname="DateTimeExtensions.Tests.GenericCalendarTests.get_working_days" methodname="get_working_days" classname="DateTimeExtensions.Tests.GenericCalendarTests" runstate="Runnable" seed="1739071913" result="Passed" start-time="2017-01-14 02:02:44Z" end-time="2017-01-14 02:02:44Z" duration="0.007131" asserts="1" />
            <test-case id="1053" name="get_working_days_reverse" fullname="DateTimeExtensions.Tests.GenericCalendarTests.get_working_days_reverse" methodname="get_working_days_reverse" classname="DateTimeExtensions.Tests.GenericCalendarTests" runstate="Runnable" seed="1176943661" result="Passed" start-time="2017-01-14 02:02:44Z" end-time="2017-01-14 02:02:44Z" duration="0.000724" asserts="1" />
            <test-case id="1054" name="get_working_days_same_day" fullname="DateTimeExtensions.Tests.GenericCalendarTests.get_working_days_same_day" methodname="get_working_days_same_day" classname="DateTimeExtensions.Tests.GenericCalendarTests" runstate="Runnable" seed="228805340" result="Passed" start-time="2017-01-14 02:02:44Z" end-time="2017-01-14 02:02:44Z" duration="0.000834" asserts="1" />
            <test-case id="1049" name="subtracting_working_days_should_not_count_weekends" fullname="DateTimeExtensions.Tests.GenericCalendarTests.subtracting_working_days_should_not_count_weekends" methodname="subtracting_working_days_should_not_count_weekends" classname="DateTimeExtensions.Tests.GenericCalendarTests" runstate="Runnable" seed="447745418" result="Passed" start-time="2017-01-14 02:02:44Z" end-time="2017-01-14 02:02:44Z" duration="0.001586" asserts="5" />
          </test-suite>
          <test-suite type="TestFixture" id="1055" name="GenericNaturalTimeTests" fullname="DateTimeExtensions.Tests.GenericNaturalTimeTests" classname="DateTimeExtensions.Tests.GenericNaturalTimeTests" runstate="Runnable" testcasecount="13" result="Passed" start-time="2017-01-14 02:02:44Z" end-time="2017-01-14 02:02:44Z" duration="0.062614" total="13" passed="13" failed="0" warnings="0" inconclusive="0" skipped="0" asserts="66">
            <test-case id="1064" name="are_orderless" fullname="DateTimeExtensions.Tests.GenericNaturalTimeTests.are_orderless" methodname="are_orderless" classname="DateTimeExtensions.Tests.GenericNaturalTimeTests" runstate="Runnable" seed="1099828610" result="Passed" start-time="2017-01-14 02:02:44Z" end-time="2017-01-14 02:02:44Z" duration="0.001103" asserts="5" />
            <test-case id="1067" name="can_pluralize" fullname="DateTimeExtensions.Tests.GenericNaturalTimeTests.can_pluralize" methodname="can_pluralize" classname="DateTimeExtensions.Tests.GenericNaturalTimeTests" runstate="Runnable" seed="1121664243" result="Passed" start-time="2017-01-14 02:02:44Z" end-time="2017-01-14 02:02:44Z" duration="0.001101" asserts="6" />
            <test-case id="1066" name="can_pluralize_months" fullname="DateTimeExtensions.Tests.GenericNaturalTimeTests.can_pluralize_months" methodname="can_pluralize_months" classname="DateTimeExtensions.Tests.GenericNaturalTimeTests" runstate="Runnable" seed="1194118843" result="Passed" start-time="2017-01-14 02:02:44Z" end-time="2017-01-14 02:02:44Z" duration="0.000438" asserts="6" />
            <test-case id="1065" name="can_pluralize_years" fullname="DateTimeExtensions.Tests.GenericNaturalTimeTests.can_pluralize_years" methodname="can_pluralize_years" classname="DateTimeExtensions.Tests.GenericNaturalTimeTests" runstate="Runnable" seed="1752277565" result="Passed" start-time="2017-01-14 02:02:44Z" end-time="2017-01-14 02:02:44Z" duration="0.000538" asserts="6" />
            <test-case id="1068" name="can_round" fullname="DateTimeExtensions.Tests.GenericNaturalTimeTests.can_round" methodname="can_round" classname="DateTimeExtensions.Tests.GenericNaturalTimeTests" runstate="Runnable" seed="1970802067" result="Passed" start-time="2017-01-14 02:02:44Z" end-time="2017-01-14 02:02:44Z" duration="0.002148" asserts="19" />
            <test-case id="1058" name="can_tranlate_to_exact_natural_text" fullname="DateTimeExtensions.Tests.GenericNaturalTimeTests.can_tranlate_to_exact_natural_text" methodname="can_tranlate_to_exact_natural_text" classname="DateTimeExtensions.Tests.GenericNaturalTimeTests" runstate="Runnable" seed="1069574163" result="Passed" start-time="2017-01-14 02:02:44Z" end-time="2017-01-14 02:02:44Z" duration="0.000501" asserts="3" />
            <test-case id="1059" name="can_tranlate_to_exact_natural_text_full" fullname="DateTimeExtensions.Tests.GenericNaturalTimeTests.can_tranlate_to_exact_natural_text_full" methodname="can_tranlate_to_exact_natural_text_full" classname="DateTimeExtensions.Tests.GenericNaturalTimeTests" runstate="Runnable" seed="407809103" result="Passed" start-time="2017-01-14 02:02:44Z" end-time="2017-01-14 02:02:44Z" duration="0.000533" asserts="3" />
            <test-case id="1063" name="can_tranlate_to_exact_natural_text_full_on_april" fullname="DateTimeExtensions.Tests.GenericNaturalTimeTests.can_tranlate_to_exact_natural_text_full_on_april" methodname="can_tranlate_to_exact_natural_text_full_on_april" classname="DateTimeExtensions.Tests.GenericNaturalTimeTests" runstate="Runnable" seed="1990164864" result="Passed" start-time="2017-01-14 02:02:44Z" end-time="2017-01-14 02:02:44Z" duration="0.000512" asserts="3" />
            <test-case id="1060" name="can_tranlate_to_exact_natural_text_full_on_february_with_leap" fullname="DateTimeExtensions.Tests.GenericNaturalTimeTests.can_tranlate_to_exact_natural_text_full_on_february_with_leap" methodname="can_tranlate_to_exact_natural_text_full_on_february_with_leap" classname="DateTimeExtensions.Tests.GenericNaturalTimeTests" runstate="Runnable" seed="264686711" result="Passed" start-time="2017-01-14 02:02:44Z" end-time="2017-01-14 02:02:44Z" duration="0.001459" asserts="3" />
            <test-case id="1061" name="can_tranlate_to_exact_natural_text_full_on_february_without_leap" fullname="DateTimeExtensions.Tests.GenericNaturalTimeTests.can_tranlate_to_exact_natural_text_full_on_february_without_leap" methodname="can_tranlate_to_exact_natural_text_full_on_february_without_leap" classname="DateTimeExtensions.Tests.GenericNaturalTimeTests" runstate="Runnable" seed="218711702" result="Passed" start-time="2017-01-14 02:02:44Z" end-time="2017-01-14 02:02:44Z" duration="0.000402" asserts="3" />
            <test-case id="1062" name="can_tranlate_to_exact_natural_text_full_on_march" fullname="DateTimeExtensions.Tests.GenericNaturalTimeTests.can_tranlate_to_exact_natural_text_full_on_march" methodname="can_tranlate_to_exact_natural_text_full_on_march" classname="DateTimeExtensions.Tests.GenericNaturalTimeTests" runstate="Runnable" seed="1659023796" result="Passed" start-time="2017-01-14 02:02:44Z" end-time="2017-01-14 02:02:44Z" duration="0.000476" asserts="3" />
            <test-case id="1056" name="can_tranlate_to_natural_text" fullname="DateTimeExtensions.Tests.GenericNaturalTimeTests.can_tranlate_to_natural_text" methodname="can_tranlate_to_natural_text" classname="DateTimeExtensions.Tests.GenericNaturalTimeTests" runstate="Runnable" seed="1736483740" result="Passed" start-time="2017-01-14 02:02:44Z" end-time="2017-01-14 02:02:44Z" duration="0.000481" asserts="3" />
            <test-case id="1057" name="can_tranlate_to_natural_text_rounded" fullname="DateTimeExtensions.Tests.GenericNaturalTimeTests.can_tranlate_to_natural_text_rounded" methodname="can_tranlate_to_natural_text_rounded" classname="DateTimeExtensions.Tests.GenericNaturalTimeTests" runstate="Runnable" seed="2041494283" result="Passed" start-time="2017-01-14 02:02:44Z" end-time="2017-01-14 02:02:44Z" duration="0.000961" asserts="3" />
          </test-suite>
          <test-suite type="TestFixture" id="1069" name="GenericWorkingDayCultureInfoTests" fullname="DateTimeExtensions.Tests.GenericWorkingDayCultureInfoTests" classname="DateTimeExtensions.Tests.GenericWorkingDayCultureInfoTests" runstate="Runnable" testcasecount="4" result="Passed" start-time="2017-01-14 02:02:44Z" end-time="2017-01-14 02:02:44Z" duration="0.315423" total="4" passed="4" failed="0" warnings="0" inconclusive="0" skipped="0" asserts="8">
            <test-case id="1070" name="can_locate_default_strategies" fullname="DateTimeExtensions.Tests.GenericWorkingDayCultureInfoTests.can_locate_default_strategies" methodname="can_locate_default_strategies" classname="DateTimeExtensions.Tests.GenericWorkingDayCultureInfoTests" runstate="Runnable" seed="835834316" result="Passed" start-time="2017-01-14 02:02:44Z" end-time="2017-01-14 02:02:44Z" duration="0.004736" asserts="3" />
            <test-case id="1072" name="can_provide_custom_locator_dayOfWeek_strategy" fullname="DateTimeExtensions.Tests.GenericWorkingDayCultureInfoTests.can_provide_custom_locator_dayOfWeek_strategy" methodname="can_provide_custom_locator_dayOfWeek_strategy" classname="DateTimeExtensions.Tests.GenericWorkingDayCultureInfoTests" runstate="Runnable" seed="299544262" result="Passed" start-time="2017-01-14 02:02:44Z" end-time="2017-01-14 02:02:44Z" duration="0.267122" asserts="2" />
            <test-case id="1071" name="can_provide_custom_locator_holiday_dayOfWeek_strategy" fullname="DateTimeExtensions.Tests.GenericWorkingDayCultureInfoTests.can_provide_custom_locator_holiday_dayOfWeek_strategy" methodname="can_provide_custom_locator_holiday_dayOfWeek_strategy" classname="DateTimeExtensions.Tests.GenericWorkingDayCultureInfoTests" runstate="Runnable" seed="1258130447" result="Passed" start-time="2017-01-14 02:02:44Z" end-time="2017-01-14 02:02:44Z" duration="0.026040" asserts="2" />
            <test-case id="1073" name="picks_a_holiday_when_two_holidays_occur_on_the_same_date" fullname="DateTimeExtensions.Tests.GenericWorkingDayCultureInfoTests.picks_a_holiday_when_two_holidays_occur_on_the_same_date" methodname="picks_a_holiday_when_two_holidays_occur_on_the_same_date" classname="DateTimeExtensions.Tests.GenericWorkingDayCultureInfoTests" runstate="Runnable" seed="287858092" result="Passed" start-time="2017-01-14 02:02:44Z" end-time="2017-01-14 02:02:44Z" duration="0.003304" asserts="1" />
          </test-suite>
          <test-suite type="TestFixture" id="1074" name="HolidaysTest" fullname="DateTimeExtensions.Tests.HolidaysTest" classname="DateTimeExtensions.Tests.HolidaysTest" runstate="Runnable" testcasecount="3" result="Passed" start-time="2017-01-14 02:02:44Z" end-time="2017-01-14 02:02:44Z" duration="0.013613" total="3" passed="3" failed="0" warnings="0" inconclusive="0" skipped="0" asserts="9">
            <test-case id="1076" name="easter" fullname="DateTimeExtensions.Tests.HolidaysTest.easter" methodname="easter" classname="DateTimeExtensions.Tests.HolidaysTest" runstate="Runnable" seed="216756045" result="Passed" start-time="2017-01-14 02:02:44Z" end-time="2017-01-14 02:02:44Z" duration="0.000774" asserts="3" />
            <test-case id="1077" name="fixedHolidays" fullname="DateTimeExtensions.Tests.HolidaysTest.fixedHolidays" methodname="fixedHolidays" classname="DateTimeExtensions.Tests.HolidaysTest" runstate="Runnable" seed="1025796623" result="Passed" start-time="2017-01-14 02:02:44Z" end-time="2017-01-14 02:02:44Z" duration="0.001562" asserts="2" />
            <test-case id="1075" name="nth_day_of_the_week" fullname="DateTimeExtensions.Tests.HolidaysTest.nth_day_of_the_week" methodname="nth_day_of_the_week" classname="DateTimeExtensions.Tests.HolidaysTest" runstate="Runnable" seed="286150199" result="Passed" start-time="2017-01-14 02:02:44Z" end-time="2017-01-14 02:02:44Z" duration="0.001678" asserts="4" />
          </test-suite>
          <test-suite type="TestSuite" id="1212" name="HolidaysTranslations" fullname="DateTimeExtensions.Tests.HolidaysTranslations" runstate="Runnable" testcasecount="2" result="Passed" start-time="2017-01-14 02:02:43Z" end-time="2017-01-14 02:02:44Z" duration="0.917036" total="2" passed="2" failed="0" warnings="0" inconclusive="0" skipped="0" asserts="22">
            <test-suite type="TestFixture" id="1205" name="GermanHolidayNamesTest" fullname="DateTimeExtensions.Tests.HolidaysTranslations.GermanHolidayNamesTest" classname="DateTimeExtensions.Tests.HolidaysTranslations.GermanHolidayNamesTest" runstate="Runnable" testcasecount="1" result="Passed" start-time="2017-01-14 02:02:44Z" end-time="2017-01-14 02:02:44Z" duration="0.006953" total="1" passed="1" failed="0" warnings="0" inconclusive="0" skipped="0" asserts="17">
              <test-case id="1206" name="AssertGermanHolidaysAreTranslated" fullname="DateTimeExtensions.Tests.HolidaysTranslations.GermanHolidayNamesTest.AssertGermanHolidaysAreTranslated" methodname="AssertGermanHolidaysAreTranslated" classname="DateTimeExtensions.Tests.HolidaysTranslations.GermanHolidayNamesTest" runstate="Runnable" seed="53395597" result="Passed" start-time="2017-01-14 02:02:44Z" end-time="2017-01-14 02:02:44Z" duration="0.003380" asserts="17" />
            </test-suite>
            <test-suite type="TestFixture" id="1207" name="ViHolidaysNamesTest" fullname="DateTimeExtensions.Tests.HolidaysTranslations.ViHolidaysNamesTest" classname="DateTimeExtensions.Tests.HolidaysTranslations.ViHolidaysNamesTest" runstate="Runnable" testcasecount="1" result="Passed" start-time="2017-01-14 02:02:44Z" end-time="2017-01-14 02:02:44Z" duration="0.009155" total="1" passed="1" failed="0" warnings="0" inconclusive="0" skipped="0" asserts="5">
              <test-case id="1208" name="AssertVietNamHolidaysAreTranslated" fullname="DateTimeExtensions.Tests.HolidaysTranslations.ViHolidaysNamesTest.AssertVietNamHolidaysAreTranslated" methodname="AssertVietNamHolidaysAreTranslated" classname="DateTimeExtensions.Tests.HolidaysTranslations.ViHolidaysNamesTest" runstate="Runnable" seed="1264892903" result="Passed" start-time="2017-01-14 02:02:44Z" end-time="2017-01-14 02:02:44Z" duration="0.005549" asserts="5" />
            </test-suite>
          </test-suite>
          <test-suite type="TestFixture" id="1078" name="JewishHolidaysTests" fullname="DateTimeExtensions.Tests.JewishHolidaysTests" classname="DateTimeExtensions.Tests.JewishHolidaysTests" runstate="Runnable" testcasecount="10" result="Passed" start-time="2017-01-14 02:02:44Z" end-time="2017-01-14 02:02:44Z" duration="0.049073" total="10" passed="10" failed="0" warnings="0" inconclusive="0" skipped="0" asserts="30">
            <test-case id="1085" name="can_identify_Pesach" fullname="DateTimeExtensions.Tests.JewishHolidaysTests.can_identify_Pesach" methodname="can_identify_Pesach" classname="DateTimeExtensions.Tests.JewishHolidaysTests" runstate="Runnable" seed="1226955536" result="Passed" start-time="2017-01-14 02:02:44Z" end-time="2017-01-14 02:02:44Z" duration="0.001800" asserts="3" />
            <test-case id="1079" name="can_identify_RoshHashanah" fullname="DateTimeExtensions.Tests.JewishHolidaysTests.can_identify_RoshHashanah" methodname="can_identify_RoshHashanah" classname="DateTimeExtensions.Tests.JewishHolidaysTests" runstate="Runnable" seed="120157903" result="Passed" start-time="2017-01-14 02:02:44Z" end-time="2017-01-14 02:02:44Z" duration="0.000772" asserts="3" />
            <test-case id="1080" name="can_identify_RoshHashanahSecondDay" fullname="DateTimeExtensions.Tests.JewishHolidaysTests.can_identify_RoshHashanahSecondDay" methodname="can_identify_RoshHashanahSecondDay" classname="DateTimeExtensions.Tests.JewishHolidaysTests" runstate="Runnable" seed="1823589840" result="Passed" start-time="2017-01-14 02:02:44Z" end-time="2017-01-14 02:02:44Z" duration="0.000903" asserts="3" />
            <test-case id="1087" name="can_identify_Shavuot" fullname="DateTimeExtensions.Tests.JewishHolidaysTests.can_identify_Shavuot" methodname="can_identify_Shavuot" classname="DateTimeExtensions.Tests.JewishHolidaysTests" runstate="Runnable" seed="201744020" result="Passed" start-time="2017-01-14 02:02:44Z" end-time="2017-01-14 02:02:44Z" duration="0.000630" asserts="3" />
            <test-case id="1083" name="can_identify_ShminiAtzeret" fullname="DateTimeExtensions.Tests.JewishHolidaysTests.can_identify_ShminiAtzeret" methodname="can_identify_ShminiAtzeret" classname="DateTimeExtensions.Tests.JewishHolidaysTests" runstate="Runnable" seed="245918050" result="Passed" start-time="2017-01-14 02:02:44Z" end-time="2017-01-14 02:02:44Z" duration="0.000596" asserts="3" />
            <test-case id="1084" name="can_identify_ShminiTorah" fullname="DateTimeExtensions.Tests.JewishHolidaysTests.can_identify_ShminiTorah" methodname="can_identify_ShminiTorah" classname="DateTimeExtensions.Tests.JewishHolidaysTests" runstate="Runnable" seed="67919298" result="Passed" start-time="2017-01-14 02:02:44Z" end-time="2017-01-14 02:02:44Z" duration="0.001147" asserts="3" />
            <test-case id="1086" name="can_identify_ShviiShelPesach" fullname="DateTimeExtensions.Tests.JewishHolidaysTests.can_identify_ShviiShelPesach" methodname="can_identify_ShviiShelPesach" classname="DateTimeExtensions.Tests.JewishHolidaysTests" runstate="Runnable" seed="1545616325" result="Passed" start-time="2017-01-14 02:02:44Z" end-time="2017-01-14 02:02:44Z" duration="0.000745" asserts="3" />
            <test-case id="1082" name="can_identify_Sukkot" fullname="DateTimeExtensions.Tests.JewishHolidaysTests.can_identify_Sukkot" methodname="can_identify_Sukkot" classname="DateTimeExtensions.Tests.JewishHolidaysTests" runstate="Runnable" seed="306686480" result="Passed" start-time="2017-01-14 02:02:44Z" end-time="2017-01-14 02:02:44Z" duration="0.000466" asserts="3" />
            <test-case id="1088" name="can_identify_TuBishvat" fullname="DateTimeExtensions.Tests.JewishHolidaysTests.can_identify_TuBishvat" methodname="can_identify_TuBishvat" classname="DateTimeExtensions.Tests.JewishHolidaysTests" runstate="Runnable" seed="666537542" result="Passed" start-time="2017-01-14 02:02:44Z" end-time="2017-01-14 02:02:44Z" duration="0.000492" asserts="3" />
            <test-case id="1081" name="can_identify_YomKippur" fullname="DateTimeExtensions.Tests.JewishHolidaysTests.can_identify_YomKippur" methodname="can_identify_YomKippur" classname="DateTimeExtensions.Tests.JewishHolidaysTests" runstate="Runnable" seed="2053742664" result="Passed" start-time="2017-01-14 02:02:44Z" end-time="2017-01-14 02:02:44Z" duration="0.000574" asserts="3" />
          </test-suite>
          <test-suite type="TestFixture" id="1198" name="KRHolidaysNamesTest" fullname="DateTimeExtensions.Tests.KRHolidaysNamesTest" classname="DateTimeExtensions.Tests.KRHolidaysNamesTest" runstate="Runnable" testcasecount="1" result="Passed" start-time="2017-01-14 02:02:44Z" end-time="2017-01-14 02:02:44Z" duration="0.010088" total="1" passed="1" failed="0" warnings="0" inconclusive="0" skipped="0" asserts="14">
            <test-case id="1199" name="AssertKoreanHolidaysAreTranslated" fullname="DateTimeExtensions.Tests.KRHolidaysNamesTest.AssertKoreanHolidaysAreTranslated" methodname="AssertKoreanHolidaysAreTranslated" classname="DateTimeExtensions.Tests.KRHolidaysNamesTest" runstate="Runnable" seed="190516566" result="Passed" start-time="2017-01-14 02:02:44Z" end-time="2017-01-14 02:02:44Z" duration="0.005849" asserts="14" />
          </test-suite>
          <test-suite type="TestFixture" id="1089" name="KRHolidaysTests" fullname="DateTimeExtensions.Tests.KRHolidaysTests" classname="DateTimeExtensions.Tests.KRHolidaysTests" runstate="Runnable" testcasecount="5" result="Passed" start-time="2017-01-14 02:02:44Z" end-time="2017-01-14 02:02:45Z" duration="0.024004" total="5" passed="5" failed="0" warnings="0" inconclusive="0" skipped="0" asserts="19">
            <test-case id="1090" name="can_get_strateryies" fullname="DateTimeExtensions.Tests.KRHolidaysTests.can_get_strateryies" methodname="can_get_strateryies" classname="DateTimeExtensions.Tests.KRHolidaysTests" runstate="Runnable" seed="800892846" result="Passed" start-time="2017-01-14 02:02:44Z" end-time="2017-01-14 02:02:44Z" duration="0.001236" asserts="2" />
            <test-case id="1094" name="can_identify_Chuseok" fullname="DateTimeExtensions.Tests.KRHolidaysTests.can_identify_Chuseok" methodname="can_identify_Chuseok" classname="DateTimeExtensions.Tests.KRHolidaysTests" runstate="Runnable" seed="1103399252" result="Passed" start-time="2017-01-14 02:02:44Z" end-time="2017-01-14 02:02:44Z" duration="0.000702" asserts="3" />
            <test-case id="1093" name="can_identify_SeokgaTansilil" fullname="DateTimeExtensions.Tests.KRHolidaysTests.can_identify_SeokgaTansilil" methodname="can_identify_SeokgaTansilil" classname="DateTimeExtensions.Tests.KRHolidaysTests" runstate="Runnable" seed="1206586662" result="Passed" start-time="2017-01-14 02:02:44Z" end-time="2017-01-14 02:02:44Z" duration="0.000356" asserts="3" />
            <test-case id="1092" name="can_identify_Seolnal" fullname="DateTimeExtensions.Tests.KRHolidaysTests.can_identify_Seolnal" methodname="can_identify_Seolnal" classname="DateTimeExtensions.Tests.KRHolidaysTests" runstate="Runnable" seed="1323180634" result="Passed" start-time="2017-01-14 02:02:44Z" end-time="2017-01-14 02:02:44Z" duration="0.000754" asserts="3" />
            <test-case id="1091" name="holiday_days_span" fullname="DateTimeExtensions.Tests.KRHolidaysTests.holiday_days_span" methodname="holiday_days_span" classname="DateTimeExtensions.Tests.KRHolidaysTests" runstate="Runnable" seed="836644536" result="Passed" start-time="2017-01-14 02:02:45Z" end-time="2017-01-14 02:02:45Z" duration="0.003814" asserts="8" />
          </test-suite>
          <test-suite type="TestFixture" id="1095" name="KRNaturalTimeTests" fullname="DateTimeExtensions.Tests.KRNaturalTimeTests" classname="DateTimeExtensions.Tests.KRNaturalTimeTests" runstate="Runnable" testcasecount="5" result="Passed" start-time="2017-01-14 02:02:45Z" end-time="2017-01-14 02:02:45Z" duration="0.021067" total="5" passed="5" failed="0" warnings="0" inconclusive="0" skipped="0" asserts="17">
            <test-case id="1100" name="are_orderless" fullname="DateTimeExtensions.Tests.KRNaturalTimeTests.are_orderless" methodname="are_orderless" classname="DateTimeExtensions.Tests.KRNaturalTimeTests" runstate="Runnable" seed="2071392004" result="Passed" start-time="2017-01-14 02:02:45Z" end-time="2017-01-14 02:02:45Z" duration="0.001297" asserts="5" />
            <test-case id="1098" name="can_tranlate_to_exact_natural_text" fullname="DateTimeExtensions.Tests.KRNaturalTimeTests.can_tranlate_to_exact_natural_text" methodname="can_tranlate_to_exact_natural_text" classname="DateTimeExtensions.Tests.KRNaturalTimeTests" runstate="Runnable" seed="1665387558" result="Passed" start-time="2017-01-14 02:02:45Z" end-time="2017-01-14 02:02:45Z" duration="0.000477" asserts="3" />
            <test-case id="1099" name="can_tranlate_to_exact_natural_text_full" fullname="DateTimeExtensions.Tests.KRNaturalTimeTests.can_tranlate_to_exact_natural_text_full" methodname="can_tranlate_to_exact_natural_text_full" classname="DateTimeExtensions.Tests.KRNaturalTimeTests" runstate="Runnable" seed="1594150443" result="Passed" start-time="2017-01-14 02:02:45Z" end-time="2017-01-14 02:02:45Z" duration="0.000763" asserts="3" />
            <test-case id="1096" name="can_tranlate_to_natural_text" fullname="DateTimeExtensions.Tests.KRNaturalTimeTests.can_tranlate_to_natural_text" methodname="can_tranlate_to_natural_text" classname="DateTimeExtensions.Tests.KRNaturalTimeTests" runstate="Runnable" seed="2087676589" result="Passed" start-time="2017-01-14 02:02:45Z" end-time="2017-01-14 02:02:45Z" duration="0.000380" asserts="3" />
            <test-case id="1097" name="can_tranlate_to_natural_text_rounded" fullname="DateTimeExtensions.Tests.KRNaturalTimeTests.can_tranlate_to_natural_text_rounded" methodname="can_tranlate_to_natural_text_rounded" classname="DateTimeExtensions.Tests.KRNaturalTimeTests" runstate="Runnable" seed="344657654" result="Passed" start-time="2017-01-14 02:02:45Z" end-time="2017-01-14 02:02:45Z" duration="0.000363" asserts="3" />
          </test-suite>
          <test-suite type="TestFixture" id="1108" name="NL_BENaturalTimeTests" fullname="DateTimeExtensions.Tests.NL_BENaturalTimeTests" classname="DateTimeExtensions.Tests.NL_BENaturalTimeTests" runstate="Runnable" testcasecount="8" result="Passed" start-time="2017-01-14 02:02:45Z" end-time="2017-01-14 02:02:45Z" duration="0.036174" total="8" passed="8" failed="0" warnings="0" inconclusive="0" skipped="0" asserts="35">
            <test-case id="1113" name="are_orderless" fullname="DateTimeExtensions.Tests.NL_BENaturalTimeTests.are_orderless" methodname="are_orderless" classname="DateTimeExtensions.Tests.NLNaturalTimeTests" runstate="Runnable" seed="1472755764" result="Passed" start-time="2017-01-14 02:02:45Z" end-time="2017-01-14 02:02:45Z" duration="0.002692" asserts="5" />
            <test-case id="1116" name="can_pluralize" fullname="DateTimeExtensions.Tests.NL_BENaturalTimeTests.can_pluralize" methodname="can_pluralize" classname="DateTimeExtensions.Tests.NLNaturalTimeTests" runstate="Runnable" seed="1546110671" result="Passed" start-time="2017-01-14 02:02:45Z" end-time="2017-01-14 02:02:45Z" duration="0.000989" asserts="6" />
            <test-case id="1115" name="can_pluralize_months" fullname="DateTimeExtensions.Tests.NL_BENaturalTimeTests.can_pluralize_months" methodname="can_pluralize_months" classname="DateTimeExtensions.Tests.NLNaturalTimeTests" runstate="Runnable" seed="517509018" result="Passed" start-time="2017-01-14 02:02:45Z" end-time="2017-01-14 02:02:45Z" duration="0.001008" asserts="6" />
            <test-case id="1114" name="can_pluralize_years" fullname="DateTimeExtensions.Tests.NL_BENaturalTimeTests.can_pluralize_years" methodname="can_pluralize_years" classname="DateTimeExtensions.Tests.NLNaturalTimeTests" runstate="Runnable" seed="1178724918" result="Passed" start-time="2017-01-14 02:02:45Z" end-time="2017-01-14 02:02:45Z" duration="0.000533" asserts="6" />
            <test-case id="1111" name="can_tranlate_to_exact_natural_text" fullname="DateTimeExtensions.Tests.NL_BENaturalTimeTests.can_tranlate_to_exact_natural_text" methodname="can_tranlate_to_exact_natural_text" classname="DateTimeExtensions.Tests.NLNaturalTimeTests" runstate="Runnable" seed="1117748479" result="Passed" start-time="2017-01-14 02:02:45Z" end-time="2017-01-14 02:02:45Z" duration="0.000648" asserts="3" />
            <test-case id="1112" name="can_tranlate_to_exact_natural_text_full" fullname="DateTimeExtensions.Tests.NL_BENaturalTimeTests.can_tranlate_to_exact_natural_text_full" methodname="can_tranlate_to_exact_natural_text_full" classname="DateTimeExtensions.Tests.NLNaturalTimeTests" runstate="Runnable" seed="1250792577" result="Passed" start-time="2017-01-14 02:02:45Z" end-time="2017-01-14 02:02:45Z" duration="0.000534" asserts="3" />
            <test-case id="1109" name="can_tranlate_to_natural_text" fullname="DateTimeExtensions.Tests.NL_BENaturalTimeTests.can_tranlate_to_natural_text" methodname="can_tranlate_to_natural_text" classname="DateTimeExtensions.Tests.NLNaturalTimeTests" runstate="Runnable" seed="1172031765" result="Passed" start-time="2017-01-14 02:02:45Z" end-time="2017-01-14 02:02:45Z" duration="0.000462" asserts="3" />
            <test-case id="1110" name="can_tranlate_to_natural_text_rounded" fullname="DateTimeExtensions.Tests.NL_BENaturalTimeTests.can_tranlate_to_natural_text_rounded" methodname="can_tranlate_to_natural_text_rounded" classname="DateTimeExtensions.Tests.NLNaturalTimeTests" runstate="Runnable" seed="591602794" result="Passed" start-time="2017-01-14 02:02:45Z" end-time="2017-01-14 02:02:45Z" duration="0.000477" asserts="3" />
          </test-suite>
          <test-suite type="TestFixture" id="1101" name="NLHolidaysTests" fullname="DateTimeExtensions.Tests.NLHolidaysTests" classname="DateTimeExtensions.Tests.NLHolidaysTests" runstate="Runnable" testcasecount="6" result="Passed" start-time="2017-01-14 02:02:45Z" end-time="2017-01-14 02:02:45Z" duration="0.025285" total="6" passed="6" failed="0" warnings="0" inconclusive="0" skipped="0" asserts="6">
            <test-case id="1104" name="Kingsday_is_a_national_holiday_in_1949" fullname="DateTimeExtensions.Tests.NLHolidaysTests.Kingsday_is_a_national_holiday_in_1949" methodname="Kingsday_is_a_national_holiday_in_1949" classname="DateTimeExtensions.Tests.NLHolidaysTests" runstate="Runnable" seed="1122733836" result="Passed" start-time="2017-01-14 02:02:45Z" end-time="2017-01-14 02:02:45Z" duration="0.000700" asserts="1" />
            <test-case id="1105" name="Kingsday_is_a_national_holiday_in_2014" fullname="DateTimeExtensions.Tests.NLHolidaysTests.Kingsday_is_a_national_holiday_in_2014" methodname="Kingsday_is_a_national_holiday_in_2014" classname="DateTimeExtensions.Tests.NLHolidaysTests" runstate="Runnable" seed="868296969" result="Passed" start-time="2017-01-14 02:02:45Z" end-time="2017-01-14 02:02:45Z" duration="0.000393" asserts="1" />
            <test-case id="1103" name="Kingsday_is_a_national_holiday_since_1885" fullname="DateTimeExtensions.Tests.NLHolidaysTests.Kingsday_is_a_national_holiday_since_1885" methodname="Kingsday_is_a_national_holiday_since_1885" classname="DateTimeExtensions.Tests.NLHolidaysTests" runstate="Runnable" seed="554752904" result="Passed" start-time="2017-01-14 02:02:45Z" end-time="2017-01-14 02:02:45Z" duration="0.000405" asserts="1" />
            <test-case id="1106" name="Liberation_Day_is_a_national_holiday_in_2005" fullname="DateTimeExtensions.Tests.NLHolidaysTests.Liberation_Day_is_a_national_holiday_in_2005" methodname="Liberation_Day_is_a_national_holiday_in_2005" classname="DateTimeExtensions.Tests.NLHolidaysTests" runstate="Runnable" seed="1059205777" result="Passed" start-time="2017-01-14 02:02:45Z" end-time="2017-01-14 02:02:45Z" duration="0.000987" asserts="1" />
            <test-case id="1107" name="Liberation_Day_is_a_regular_day_in_2006" fullname="DateTimeExtensions.Tests.NLHolidaysTests.Liberation_Day_is_a_regular_day_in_2006" methodname="Liberation_Day_is_a_regular_day_in_2006" classname="DateTimeExtensions.Tests.NLHolidaysTests" runstate="Runnable" seed="1918908490" result="Passed" start-time="2017-01-14 02:02:45Z" end-time="2017-01-14 02:02:45Z" duration="0.000319" asserts="1" />
            <test-case id="1102" name="The_Netherlands_has_11_main_holidays" fullname="DateTimeExtensions.Tests.NLHolidaysTests.The_Netherlands_has_11_main_holidays" methodname="The_Netherlands_has_11_main_holidays" classname="DateTimeExtensions.Tests.NLHolidaysTests" runstate="Runnable" seed="1782031237" result="Passed" start-time="2017-01-14 02:02:45Z" end-time="2017-01-14 02:02:45Z" duration="0.000482" asserts="1" />
          </test-suite>
          <test-suite type="TestFixture" id="1117" name="NLNaturalTimeTests" fullname="DateTimeExtensions.Tests.NLNaturalTimeTests" classname="DateTimeExtensions.Tests.NLNaturalTimeTests" runstate="Runnable" testcasecount="8" result="Passed" start-time="2017-01-14 02:02:45Z" end-time="2017-01-14 02:02:45Z" duration="0.030112" total="8" passed="8" failed="0" warnings="0" inconclusive="0" skipped="0" asserts="35">
            <test-case id="1122" name="are_orderless" fullname="DateTimeExtensions.Tests.NLNaturalTimeTests.are_orderless" methodname="are_orderless" classname="DateTimeExtensions.Tests.NLNaturalTimeTests" runstate="Runnable" seed="1468736844" result="Passed" start-time="2017-01-14 02:02:45Z" end-time="2017-01-14 02:02:45Z" duration="0.000142" asserts="5" />
            <test-case id="1125" name="can_pluralize" fullname="DateTimeExtensions.Tests.NLNaturalTimeTests.can_pluralize" methodname="can_pluralize" classname="DateTimeExtensions.Tests.NLNaturalTimeTests" runstate="Runnable" seed="210534702" result="Passed" start-time="2017-01-14 02:02:45Z" end-time="2017-01-14 02:02:45Z" duration="0.000137" asserts="6" />
            <test-case id="1124" name="can_pluralize_months" fullname="DateTimeExtensions.Tests.NLNaturalTimeTests.can_pluralize_months" methodname="can_pluralize_months" classname="DateTimeExtensions.Tests.NLNaturalTimeTests" runstate="Runnable" seed="157595819" result="Passed" start-time="2017-01-14 02:02:45Z" end-time="2017-01-14 02:02:45Z" duration="0.000156" asserts="6" />
            <test-case id="1123" name="can_pluralize_years" fullname="DateTimeExtensions.Tests.NLNaturalTimeTests.can_pluralize_years" methodname="can_pluralize_years" classname="DateTimeExtensions.Tests.NLNaturalTimeTests" runstate="Runnable" seed="1189278387" result="Passed" start-time="2017-01-14 02:02:45Z" end-time="2017-01-14 02:02:45Z" duration="0.000153" asserts="6" />
            <test-case id="1120" name="can_tranlate_to_exact_natural_text" fullname="DateTimeExtensions.Tests.NLNaturalTimeTests.can_tranlate_to_exact_natural_text" methodname="can_tranlate_to_exact_natural_text" classname="DateTimeExtensions.Tests.NLNaturalTimeTests" runstate="Runnable" seed="604653348" result="Passed" start-time="2017-01-14 02:02:45Z" end-time="2017-01-14 02:02:45Z" duration="0.000120" asserts="3" />
            <test-case id="1121" name="can_tranlate_to_exact_natural_text_full" fullname="DateTimeExtensions.Tests.NLNaturalTimeTests.can_tranlate_to_exact_natural_text_full" methodname="can_tranlate_to_exact_natural_text_full" classname="DateTimeExtensions.Tests.NLNaturalTimeTests" runstate="Runnable" seed="1605866" result="Passed" start-time="2017-01-14 02:02:45Z" end-time="2017-01-14 02:02:45Z" duration="0.000122" asserts="3" />
            <test-case id="1118" name="can_tranlate_to_natural_text" fullname="DateTimeExtensions.Tests.NLNaturalTimeTests.can_tranlate_to_natural_text" methodname="can_tranlate_to_natural_text" classname="DateTimeExtensions.Tests.NLNaturalTimeTests" runstate="Runnable" seed="942253561" result="Passed" start-time="2017-01-14 02:02:45Z" end-time="2017-01-14 02:02:45Z" duration="0.000092" asserts="3" />
            <test-case id="1119" name="can_tranlate_to_natural_text_rounded" fullname="DateTimeExtensions.Tests.NLNaturalTimeTests.can_tranlate_to_natural_text_rounded" methodname="can_tranlate_to_natural_text_rounded" classname="DateTimeExtensions.Tests.NLNaturalTimeTests" runstate="Runnable" seed="163874656" result="Passed" start-time="2017-01-14 02:02:45Z" end-time="2017-01-14 02:02:45Z" duration="0.000217" asserts="3" />
          </test-suite>
          <test-suite type="TestFixture" id="1126" name="OfficeHolidayExportHolidaysFormatTests" fullname="DateTimeExtensions.Tests.OfficeHolidayExportHolidaysFormatTests" classname="DateTimeExtensions.Tests.OfficeHolidayExportHolidaysFormatTests" runstate="Runnable" testcasecount="2" result="Passed" start-time="2017-01-14 02:02:45Z" end-time="2017-01-14 02:02:45Z" duration="0.014667" total="2" passed="2" failed="0" warnings="0" inconclusive="0" skipped="0" asserts="2">
            <test-case id="1127" name="can_export_office_format" fullname="DateTimeExtensions.Tests.OfficeHolidayExportHolidaysFormatTests.can_export_office_format" methodname="can_export_office_format" classname="DateTimeExtensions.Tests.OfficeHolidayExportHolidaysFormatTests" runstate="Runnable" seed="1353243484" result="Passed" start-time="2017-01-14 02:02:45Z" end-time="2017-01-14 02:02:45Z" duration="0.002791" asserts="1" />
            <test-case id="1128" name="can_save_to_file" fullname="DateTimeExtensions.Tests.OfficeHolidayExportHolidaysFormatTests.can_save_to_file" methodname="can_save_to_file" classname="DateTimeExtensions.Tests.OfficeHolidayExportHolidaysFormatTests" runstate="Runnable" seed="1873196142" result="Passed" start-time="2017-01-14 02:02:45Z" end-time="2017-01-14 02:02:45Z" duration="0.004475" asserts="1" />
          </test-suite>
          <test-suite type="TestFixture" id="1200" name="PortugueseHolidaysNamesTest" fullname="DateTimeExtensions.Tests.PortugueseHolidaysNamesTest" classname="DateTimeExtensions.Tests.PortugueseHolidaysNamesTest" runstate="Runnable" testcasecount="2" result="Passed" start-time="2017-01-14 02:02:45Z" end-time="2017-01-14 02:02:45Z" duration="0.013979" total="2" passed="2" failed="0" warnings="0" inconclusive="0" skipped="0" asserts="39">
            <test-case id="1202" name="AssertBrazilianHolidaysAreTranslated" fullname="DateTimeExtensions.Tests.PortugueseHolidaysNamesTest.AssertBrazilianHolidaysAreTranslated" methodname="AssertBrazilianHolidaysAreTranslated" classname="DateTimeExtensions.Tests.PortugueseHolidaysNamesTest" runstate="Runnable" seed="1376969503" result="Passed" start-time="2017-01-14 02:02:45Z" end-time="2017-01-14 02:02:45Z" duration="0.005332" asserts="18" />
            <test-case id="1201" name="AssertPortugueseHolidaysAreTranslated" fullname="DateTimeExtensions.Tests.PortugueseHolidaysNamesTest.AssertPortugueseHolidaysAreTranslated" methodname="AssertPortugueseHolidaysAreTranslated" classname="DateTimeExtensions.Tests.PortugueseHolidaysNamesTest" runstate="Runnable" seed="1959013240" result="Passed" start-time="2017-01-14 02:02:45Z" end-time="2017-01-14 02:02:45Z" duration="0.001531" asserts="21" />
          </test-suite>
          <test-suite type="TestFixture" id="1129" name="PTCalendarTests" fullname="DateTimeExtensions.Tests.PTCalendarTests" classname="DateTimeExtensions.Tests.PTCalendarTests" runstate="Runnable" testcasecount="8" result="Passed" start-time="2017-01-14 02:02:45Z" end-time="2017-01-14 02:02:45Z" duration="0.030497" total="8" passed="8" failed="0" warnings="0" inconclusive="0" skipped="0" asserts="30">
            <test-case id="1134" name="adding_large_number_of_days" fullname="DateTimeExtensions.Tests.PTCalendarTests.adding_large_number_of_days" methodname="adding_large_number_of_days" classname="DateTimeExtensions.Tests.PTCalendarTests" runstate="Runnable" seed="1291798703" result="Passed" start-time="2017-01-14 02:02:45Z" end-time="2017-01-14 02:02:45Z" duration="0.000533" asserts="2" />
            <test-case id="1131" name="adding_working_days_should_not_count_weekends" fullname="DateTimeExtensions.Tests.PTCalendarTests.adding_working_days_should_not_count_weekends" methodname="adding_working_days_should_not_count_weekends" classname="DateTimeExtensions.Tests.PTCalendarTests" runstate="Runnable" seed="601391645" result="Passed" start-time="2017-01-14 02:02:45Z" end-time="2017-01-14 02:02:45Z" duration="0.000539" asserts="5" />
            <test-case id="1133" name="adding_zero_working_days_should_return_same_day" fullname="DateTimeExtensions.Tests.PTCalendarTests.adding_zero_working_days_should_return_same_day" methodname="adding_zero_working_days_should_return_same_day" classname="DateTimeExtensions.Tests.PTCalendarTests" runstate="Runnable" seed="2118800099" result="Passed" start-time="2017-01-14 02:02:45Z" end-time="2017-01-14 02:02:45Z" duration="0.000423" asserts="3" />
            <test-case id="1136" name="can_use_christian_holidays_in_calulations" fullname="DateTimeExtensions.Tests.PTCalendarTests.can_use_christian_holidays_in_calulations" methodname="can_use_christian_holidays_in_calulations" classname="DateTimeExtensions.Tests.PTCalendarTests" runstate="Runnable" seed="226163714" result="Passed" start-time="2017-01-14 02:02:45Z" end-time="2017-01-14 02:02:45Z" duration="0.000542" asserts="2" />
            <test-case id="1137" name="can_use_national_holidays_in_calulations" fullname="DateTimeExtensions.Tests.PTCalendarTests.can_use_national_holidays_in_calulations" methodname="can_use_national_holidays_in_calulations" classname="DateTimeExtensions.Tests.PTCalendarTests" runstate="Runnable" seed="1854494067" result="Passed" start-time="2017-01-14 02:02:45Z" end-time="2017-01-14 02:02:45Z" duration="0.000547" asserts="2" />
            <test-case id="1130" name="default_working_days" fullname="DateTimeExtensions.Tests.PTCalendarTests.default_working_days" methodname="default_working_days" classname="DateTimeExtensions.Tests.PTCalendarTests" runstate="Runnable" seed="1853208490" result="Passed" start-time="2017-01-14 02:02:45Z" end-time="2017-01-14 02:02:45Z" duration="0.001714" asserts="10" />
            <test-case id="1132" name="subtracting_working_days_should_not_count_weekends" fullname="DateTimeExtensions.Tests.PTCalendarTests.subtracting_working_days_should_not_count_weekends" methodname="subtracting_working_days_should_not_count_weekends" classname="DateTimeExtensions.Tests.PTCalendarTests" runstate="Runnable" seed="468569671" result="Passed" start-time="2017-01-14 02:02:45Z" end-time="2017-01-14 02:02:45Z" duration="0.000641" asserts="5" />
            <test-case id="1135" name="use_holidays_in_calulations" fullname="DateTimeExtensions.Tests.PTCalendarTests.use_holidays_in_calulations" methodname="use_holidays_in_calulations" classname="DateTimeExtensions.Tests.PTCalendarTests" runstate="Runnable" seed="1166008539" result="Passed" start-time="2017-01-14 02:02:45Z" end-time="2017-01-14 02:02:45Z" duration="0.000391" asserts="1" />
          </test-suite>
          <test-suite type="TestFixture" id="1138" name="PTWorkingDayCultureInfoTests" fullname="DateTimeExtensions.Tests.PTWorkingDayCultureInfoTests" classname="DateTimeExtensions.Tests.PTWorkingDayCultureInfoTests" runstate="Runnable" testcasecount="2" result="Passed" start-time="2017-01-14 02:02:45Z" end-time="2017-01-14 02:02:45Z" duration="0.010014" total="2" passed="2" failed="0" warnings="0" inconclusive="0" skipped="0" asserts="4">
            <test-case id="1140" name="can_locate_by_culture_info" fullname="DateTimeExtensions.Tests.PTWorkingDayCultureInfoTests.can_locate_by_culture_info" methodname="can_locate_by_culture_info" classname="DateTimeExtensions.Tests.PTWorkingDayCultureInfoTests" runstate="Runnable" seed="563082659" result="Passed" start-time="2017-01-14 02:02:45Z" end-time="2017-01-14 02:02:45Z" duration="0.000907" asserts="2" />
            <test-case id="1139" name="can_locate_by_name" fullname="DateTimeExtensions.Tests.PTWorkingDayCultureInfoTests.can_locate_by_name" methodname="can_locate_by_name" classname="DateTimeExtensions.Tests.PTWorkingDayCultureInfoTests" runstate="Runnable" seed="1776385564" result="Passed" start-time="2017-01-14 02:02:45Z" end-time="2017-01-14 02:02:45Z" duration="0.001374" asserts="2" />
          </test-suite>
          <test-suite type="TestFixture" id="1141" name="RoundCeilingFloorDatesTests" fullname="DateTimeExtensions.Tests.RoundCeilingFloorDatesTests" classname="DateTimeExtensions.Tests.RoundCeilingFloorDatesTests" runstate="Runnable" testcasecount="12" result="Passed" start-time="2017-01-14 02:02:45Z" end-time="2017-01-14 02:02:45Z" duration="0.053076" total="12" passed="12" failed="0" warnings="0" inconclusive="0" skipped="0" asserts="12">
            <test-case id="1150" name="hours_ceiling_test" fullname="DateTimeExtensions.Tests.RoundCeilingFloorDatesTests.hours_ceiling_test" methodname="hours_ceiling_test" classname="DateTimeExtensions.Tests.RoundCeilingFloorDatesTests" runstate="Runnable" seed="812406632" result="Passed" start-time="2017-01-14 02:02:45Z" end-time="2017-01-14 02:02:45Z" duration="0.000973" asserts="1" />
            <test-case id="1153" name="hours_floor_test" fullname="DateTimeExtensions.Tests.RoundCeilingFloorDatesTests.hours_floor_test" methodname="hours_floor_test" classname="DateTimeExtensions.Tests.RoundCeilingFloorDatesTests" runstate="Runnable" seed="919543363" result="Passed" start-time="2017-01-14 02:02:45Z" end-time="2017-01-14 02:02:45Z" duration="0.000750" asserts="1" />
            <test-case id="1146" name="hours_round_down_test" fullname="DateTimeExtensions.Tests.RoundCeilingFloorDatesTests.hours_round_down_test" methodname="hours_round_down_test" classname="DateTimeExtensions.Tests.RoundCeilingFloorDatesTests" runstate="Runnable" seed="744299374" result="Passed" start-time="2017-01-14 02:02:45Z" end-time="2017-01-14 02:02:45Z" duration="0.001021" asserts="1" />
            <test-case id="1147" name="hours_round_up_test" fullname="DateTimeExtensions.Tests.RoundCeilingFloorDatesTests.hours_round_up_test" methodname="hours_round_up_test" classname="DateTimeExtensions.Tests.RoundCeilingFloorDatesTests" runstate="Runnable" seed="460939011" result="Passed" start-time="2017-01-14 02:02:45Z" end-time="2017-01-14 02:02:45Z" duration="0.000480" asserts="1" />
            <test-case id="1149" name="minutes_ceiling_test" fullname="DateTimeExtensions.Tests.RoundCeilingFloorDatesTests.minutes_ceiling_test" methodname="minutes_ceiling_test" classname="DateTimeExtensions.Tests.RoundCeilingFloorDatesTests" runstate="Runnable" seed="1996972532" result="Passed" start-time="2017-01-14 02:02:45Z" end-time="2017-01-14 02:02:45Z" duration="0.000417" asserts="1" />
            <test-case id="1152" name="minutes_floor_test" fullname="DateTimeExtensions.Tests.RoundCeilingFloorDatesTests.minutes_floor_test" methodname="minutes_floor_test" classname="DateTimeExtensions.Tests.RoundCeilingFloorDatesTests" runstate="Runnable" seed="1546614321" result="Passed" start-time="2017-01-14 02:02:45Z" end-time="2017-01-14 02:02:45Z" duration="0.000501" asserts="1" />
            <test-case id="1144" name="minutes_round_down_test" fullname="DateTimeExtensions.Tests.RoundCeilingFloorDatesTests.minutes_round_down_test" methodname="minutes_round_down_test" classname="DateTimeExtensions.Tests.RoundCeilingFloorDatesTests" runstate="Runnable" seed="2140992985" result="Passed" start-time="2017-01-14 02:02:45Z" end-time="2017-01-14 02:02:45Z" duration="0.000712" asserts="1" />
            <test-case id="1145" name="minutes_round_up_test" fullname="DateTimeExtensions.Tests.RoundCeilingFloorDatesTests.minutes_round_up_test" methodname="minutes_round_up_test" classname="DateTimeExtensions.Tests.RoundCeilingFloorDatesTests" runstate="Runnable" seed="45414440" result="Passed" start-time="2017-01-14 02:02:45Z" end-time="2017-01-14 02:02:45Z" duration="0.000534" asserts="1" />
            <test-case id="1148" name="seconds_ceiling_test" fullname="DateTimeExtensions.Tests.RoundCeilingFloorDatesTests.seconds_ceiling_test" methodname="seconds_ceiling_test" classname="DateTimeExtensions.Tests.RoundCeilingFloorDatesTests" runstate="Runnable" seed="1757998486" result="Passed" start-time="2017-01-14 02:02:45Z" end-time="2017-01-14 02:02:45Z" duration="0.000769" asserts="1" />
            <test-case id="1151" name="seconds_floor_test" fullname="DateTimeExtensions.Tests.RoundCeilingFloorDatesTests.seconds_floor_test" methodname="seconds_floor_test" classname="DateTimeExtensions.Tests.RoundCeilingFloorDatesTests" runstate="Runnable" seed="803402263" result="Passed" start-time="2017-01-14 02:02:45Z" end-time="2017-01-14 02:02:45Z" duration="0.000451" asserts="1" />
            <test-case id="1142" name="seconds_round_down_test" fullname="DateTimeExtensions.Tests.RoundCeilingFloorDatesTests.seconds_round_down_test" methodname="seconds_round_down_test" classname="DateTimeExtensions.Tests.RoundCeilingFloorDatesTests" runstate="Runnable" seed="1301560577" result="Passed" start-time="2017-01-14 02:02:45Z" end-time="2017-01-14 02:02:45Z" duration="0.000517" asserts="1" />
            <test-case id="1143" name="seconds_round_up_test" fullname="DateTimeExtensions.Tests.RoundCeilingFloorDatesTests.seconds_round_up_test" methodname="seconds_round_up_test" classname="DateTimeExtensions.Tests.RoundCeilingFloorDatesTests" runstate="Runnable" seed="794038931" result="Passed" start-time="2017-01-14 02:02:45Z" end-time="2017-01-14 02:02:45Z" duration="0.000504" asserts="1" />
          </test-suite>
          <test-suite type="TestFixture" id="1203" name="SpanishHolidaysNamesTest" fullname="DateTimeExtensions.Tests.SpanishHolidaysNamesTest" classname="DateTimeExtensions.Tests.SpanishHolidaysNamesTest" runstate="Runnable" testcasecount="1" result="Passed" start-time="2017-01-14 02:02:45Z" end-time="2017-01-14 02:02:45Z" duration="0.007090" total="1" passed="1" failed="0" warnings="0" inconclusive="0" skipped="0" asserts="19">
            <test-case id="1204" name="AssertSpanishHolidaysAreTranslated" fullname="DateTimeExtensions.Tests.SpanishHolidaysNamesTest.AssertSpanishHolidaysAreTranslated" methodname="AssertSpanishHolidaysAreTranslated" classname="DateTimeExtensions.Tests.SpanishHolidaysNamesTest" runstate="Runnable" seed="1615860158" result="Passed" start-time="2017-01-14 02:02:45Z" end-time="2017-01-14 02:02:45Z" duration="0.003635" asserts="19" />
          </test-suite>
          <test-suite type="TestFixture" id="1154" name="TimeTests" fullname="DateTimeExtensions.Tests.TimeTests" classname="DateTimeExtensions.Tests.TimeTests" runstate="Runnable" testcasecount="8" result="Passed" start-time="2017-01-14 02:02:45Z" end-time="2017-01-14 02:02:45Z" duration="0.039550" total="8" passed="8" failed="0" warnings="0" inconclusive="0" skipped="0" asserts="16">
            <test-case id="1162" name="can_compare_inverted_between" fullname="DateTimeExtensions.Tests.TimeTests.can_compare_inverted_between" methodname="can_compare_inverted_between" classname="DateTimeExtensions.Tests.TimeTests" runstate="Runnable" seed="580021760" result="Passed" start-time="2017-01-14 02:02:45Z" end-time="2017-01-14 02:02:45Z" duration="0.003219" asserts="4" />
            <test-case id="1161" name="can_compare_times" fullname="DateTimeExtensions.Tests.TimeTests.can_compare_times" methodname="can_compare_times" classname="DateTimeExtensions.Tests.TimeTests" runstate="Runnable" seed="278583982" result="Passed" start-time="2017-01-14 02:02:45Z" end-time="2017-01-14 02:02:45Z" duration="0.001242" asserts="6" />
            <test-case id="1160" name="can_extract_time_from_datetime" fullname="DateTimeExtensions.Tests.TimeTests.can_extract_time_from_datetime" methodname="can_extract_time_from_datetime" classname="DateTimeExtensions.Tests.TimeTests" runstate="Runnable" seed="29157239" result="Passed" start-time="2017-01-14 02:02:45Z" end-time="2017-01-14 02:02:45Z" duration="0.000864" asserts="1" />
            <test-case id="1156" name="can_format_12hour_time" fullname="DateTimeExtensions.Tests.TimeTests.can_format_12hour_time" methodname="can_format_12hour_time" classname="DateTimeExtensions.Tests.TimeTests" runstate="Runnable" seed="966711991" result="Passed" start-time="2017-01-14 02:02:45Z" end-time="2017-01-14 02:02:45Z" duration="0.000671" asserts="1" />
            <test-case id="1155" name="can_format_24hour_time" fullname="DateTimeExtensions.Tests.TimeTests.can_format_24hour_time" methodname="can_format_24hour_time" classname="DateTimeExtensions.Tests.TimeTests" runstate="Runnable" seed="1236514349" result="Passed" start-time="2017-01-14 02:02:45Z" end-time="2017-01-14 02:02:45Z" duration="0.000340" asserts="1" />
            <test-case id="1157" name="can_parse_time" fullname="DateTimeExtensions.Tests.TimeTests.can_parse_time" methodname="can_parse_time" classname="DateTimeExtensions.Tests.TimeTests" runstate="Runnable" seed="2091608730" result="Passed" start-time="2017-01-14 02:02:45Z" end-time="2017-01-14 02:02:45Z" duration="0.001473" asserts="1" />
            <test-case id="1158" name="can_parse_time_leading_zero" fullname="DateTimeExtensions.Tests.TimeTests.can_parse_time_leading_zero" methodname="can_parse_time_leading_zero" classname="DateTimeExtensions.Tests.TimeTests" runstate="Runnable" seed="437153833" result="Passed" start-time="2017-01-14 02:02:45Z" end-time="2017-01-14 02:02:45Z" duration="0.000414" asserts="1" />
            <test-case id="1159" name="can_parse_time_two_digit_hours" fullname="DateTimeExtensions.Tests.TimeTests.can_parse_time_two_digit_hours" methodname="can_parse_time_two_digit_hours" classname="DateTimeExtensions.Tests.TimeTests" runstate="Runnable" seed="657147985" result="Passed" start-time="2017-01-14 02:02:45Z" end-time="2017-01-14 02:02:45Z" duration="0.000464" asserts="1" />
          </test-suite>
          <test-suite type="TestFixture" id="1163" name="ViHolidaysTests" fullname="DateTimeExtensions.Tests.ViHolidaysTests" classname="DateTimeExtensions.Tests.ViHolidaysTests" runstate="Runnable" testcasecount="27" result="Passed" start-time="2017-01-14 02:02:45Z" end-time="2017-01-14 02:02:45Z" duration="0.125933" total="27" passed="27" failed="0" warnings="0" inconclusive="0" skipped="0" asserts="27">
            <test-suite type="ParameterizedMethod" id="1170" name="ShouldBeHungKingsCommemorationsDay" fullname="DateTimeExtensions.Tests.ViHolidaysTests.ShouldBeHungKingsCommemorationsDay" classname="DateTimeExtensions.Tests.ViHolidaysTests" runstate="Runnable" testcasecount="5" result="Passed" start-time="2017-01-14 02:02:45Z" end-time="2017-01-14 02:02:45Z" duration="0.021131" total="5" passed="5" failed="0" warnings="0" inconclusive="0" skipped="0" asserts="5">
              <test-case id="1165" name="ShouldBeHungKingsCommemorationsDay(03/10/2015 00:00:00)" fullname="DateTimeExtensions.Tests.ViHolidaysTests.ShouldBeHungKingsCommemorationsDay(03/10/2015 00:00:00)" methodname="ShouldBeHungKingsCommemorationsDay" classname="DateTimeExtensions.Tests.ViHolidaysTests" runstate="Runnable" seed="770147078" result="Passed" start-time="2017-01-14 02:02:45Z" end-time="2017-01-14 02:02:45Z" duration="0.001183" asserts="1" />
              <test-case id="1166" name="ShouldBeHungKingsCommemorationsDay(03/10/2112 00:00:00)" fullname="DateTimeExtensions.Tests.ViHolidaysTests.ShouldBeHungKingsCommemorationsDay(03/10/2112 00:00:00)" methodname="ShouldBeHungKingsCommemorationsDay" classname="DateTimeExtensions.Tests.ViHolidaysTests" runstate="Runnable" seed="1515736438" result="Passed" start-time="2017-01-14 02:02:45Z" end-time="2017-01-14 02:02:45Z" duration="0.000386" asserts="1" />
              <test-case id="1167" name="ShouldBeHungKingsCommemorationsDay(03/10/2014 00:00:00)" fullname="DateTimeExtensions.Tests.ViHolidaysTests.ShouldBeHungKingsCommemorationsDay(03/10/2014 00:00:00)" methodname="ShouldBeHungKingsCommemorationsDay" classname="DateTimeExtensions.Tests.ViHolidaysTests" runstate="Runnable" seed="720611620" result="Passed" start-time="2017-01-14 02:02:45Z" end-time="2017-01-14 02:02:45Z" duration="0.000269" asserts="1" />
              <test-case id="1168" name="ShouldBeHungKingsCommemorationsDay(03/10/2022 00:00:00)" fullname="DateTimeExtensions.Tests.ViHolidaysTests.ShouldBeHungKingsCommemorationsDay(03/10/2022 00:00:00)" methodname="ShouldBeHungKingsCommemorationsDay" classname="DateTimeExtensions.Tests.ViHolidaysTests" runstate="Runnable" seed="451812938" result="Passed" start-time="2017-01-14 02:02:45Z" end-time="2017-01-14 02:02:45Z" duration="0.000427" asserts="1" />
              <test-case id="1169" name="ShouldBeHungKingsCommemorationsDay(03/10/2017 00:00:00)" fullname="DateTimeExtensions.Tests.ViHolidaysTests.ShouldBeHungKingsCommemorationsDay(03/10/2017 00:00:00)" methodname="ShouldBeHungKingsCommemorationsDay" classname="DateTimeExtensions.Tests.ViHolidaysTests" runstate="Runnable" seed="497721750" result="Passed" start-time="2017-01-14 02:02:45Z" end-time="2017-01-14 02:02:45Z" duration="0.000341" asserts="1" />
            </test-suite>
            <test-suite type="ParameterizedMethod" id="1182" name="ShouldBeInternationalWorkersDay" fullname="DateTimeExtensions.Tests.ViHolidaysTests.ShouldBeInternationalWorkersDay" classname="DateTimeExtensions.Tests.ViHolidaysTests" runstate="Runnable" testcasecount="5" result="Passed" start-time="2017-01-14 02:02:45Z" end-time="2017-01-14 02:02:45Z" duration="0.018974" total="5" passed="5" failed="0" warnings="0" inconclusive="0" skipped="0" asserts="5">
              <test-case id="1177" name="ShouldBeInternationalWorkersDay(05/01/2015 00:00:00)" fullname="DateTimeExtensions.Tests.ViHolidaysTests.ShouldBeInternationalWorkersDay(05/01/2015 00:00:00)" methodname="ShouldBeInternationalWorkersDay" classname="DateTimeExtensions.Tests.ViHolidaysTests" runstate="Runnable" seed="1795365937" result="Passed" start-time="2017-01-14 02:02:45Z" end-time="2017-01-14 02:02:45Z" duration="0.000510" asserts="1" />
              <test-case id="1178" name="ShouldBeInternationalWorkersDay(05/01/2112 00:00:00)" fullname="DateTimeExtensions.Tests.ViHolidaysTests.ShouldBeInternationalWorkersDay(05/01/2112 00:00:00)" methodname="ShouldBeInternationalWorkersDay" classname="DateTimeExtensions.Tests.ViHolidaysTests" runstate="Runnable" seed="1245353084" result="Passed" start-time="2017-01-14 02:02:45Z" end-time="2017-01-14 02:02:45Z" duration="0.000386" asserts="1" />
              <test-case id="1179" name="ShouldBeInternationalWorkersDay(05/01/2014 00:00:00)" fullname="DateTimeExtensions.Tests.ViHolidaysTests.ShouldBeInternationalWorkersDay(05/01/2014 00:00:00)" methodname="ShouldBeInternationalWorkersDay" classname="DateTimeExtensions.Tests.ViHolidaysTests" runstate="Runnable" seed="1662541413" result="Passed" start-time="2017-01-14 02:02:45Z" end-time="2017-01-14 02:02:45Z" duration="0.000596" asserts="1" />
              <test-case id="1180" name="ShouldBeInternationalWorkersDay(05/01/2022 00:00:00)" fullname="DateTimeExtensions.Tests.ViHolidaysTests.ShouldBeInternationalWorkersDay(05/01/2022 00:00:00)" methodname="ShouldBeInternationalWorkersDay" classname="DateTimeExtensions.Tests.ViHolidaysTests" runstate="Runnable" seed="1840668028" result="Passed" start-time="2017-01-14 02:02:45Z" end-time="2017-01-14 02:02:45Z" duration="0.000973" asserts="1" />
              <test-case id="1181" name="ShouldBeInternationalWorkersDay(05/01/2017 00:00:00)" fullname="DateTimeExtensions.Tests.ViHolidaysTests.ShouldBeInternationalWorkersDay(05/01/2017 00:00:00)" methodname="ShouldBeInternationalWorkersDay" classname="DateTimeExtensions.Tests.ViHolidaysTests" runstate="Runnable" seed="652727604" result="Passed" start-time="2017-01-14 02:02:45Z" end-time="2017-01-14 02:02:45Z" duration="0.000243" asserts="1" />
            </test-suite>
            <test-suite type="ParameterizedMethod" id="1176" name="ShouldBeLiberationDay" fullname="DateTimeExtensions.Tests.ViHolidaysTests.ShouldBeLiberationDay" classname="DateTimeExtensions.Tests.ViHolidaysTests" runstate="Runnable" testcasecount="5" result="Passed" start-time="2017-01-14 02:02:45Z" end-time="2017-01-14 02:02:45Z" duration="0.018791" total="5" passed="5" failed="0" warnings="0" inconclusive="0" skipped="0" asserts="5">
              <test-case id="1171" name="ShouldBeLiberationDay(04/30/2015 00:00:00)" fullname="DateTimeExtensions.Tests.ViHolidaysTests.ShouldBeLiberationDay(04/30/2015 00:00:00)" methodname="ShouldBeLiberationDay" classname="DateTimeExtensions.Tests.ViHolidaysTests" runstate="Runnable" seed="743669063" result="Passed" start-time="2017-01-14 02:02:45Z" end-time="2017-01-14 02:02:45Z" duration="0.000738" asserts="1" />
              <test-case id="1172" name="ShouldBeLiberationDay(04/30/2112 00:00:00)" fullname="DateTimeExtensions.Tests.ViHolidaysTests.ShouldBeLiberationDay(04/30/2112 00:00:00)" methodname="ShouldBeLiberationDay" classname="DateTimeExtensions.Tests.ViHolidaysTests" runstate="Runnable" seed="1602834680" result="Passed" start-time="2017-01-14 02:02:45Z" end-time="2017-01-14 02:02:45Z" duration="0.000370" asserts="1" />
              <test-case id="1173" name="ShouldBeLiberationDay(04/30/2014 00:00:00)" fullname="DateTimeExtensions.Tests.ViHolidaysTests.ShouldBeLiberationDay(04/30/2014 00:00:00)" methodname="ShouldBeLiberationDay" classname="DateTimeExtensions.Tests.ViHolidaysTests" runstate="Runnable" seed="107201686" result="Passed" start-time="2017-01-14 02:02:45Z" end-time="2017-01-14 02:02:45Z" duration="0.000566" asserts="1" />
              <test-case id="1174" name="ShouldBeLiberationDay(04/30/2022 00:00:00)" fullname="DateTimeExtensions.Tests.ViHolidaysTests.ShouldBeLiberationDay(04/30/2022 00:00:00)" methodname="ShouldBeLiberationDay" classname="DateTimeExtensions.Tests.ViHolidaysTests" runstate="Runnable" seed="465957729" result="Passed" start-time="2017-01-14 02:02:45Z" end-time="2017-01-14 02:02:45Z" duration="0.000258" asserts="1" />
              <test-case id="1175" name="ShouldBeLiberationDay(04/30/2017 00:00:00)" fullname="DateTimeExtensions.Tests.ViHolidaysTests.ShouldBeLiberationDay(04/30/2017 00:00:00)" methodname="ShouldBeLiberationDay" classname="DateTimeExtensions.Tests.ViHolidaysTests" runstate="Runnable" seed="2135833640" result="Passed" start-time="2017-01-14 02:02:45Z" end-time="2017-01-14 02:02:45Z" duration="0.000363" asserts="1" />
            </test-suite>
            <test-suite type="ParameterizedMethod" id="1188" name="ShouldBeNationalDay" fullname="DateTimeExtensions.Tests.ViHolidaysTests.ShouldBeNationalDay" classname="DateTimeExtensions.Tests.ViHolidaysTests" runstate="Runnable" testcasecount="5" result="Passed" start-time="2017-01-14 02:02:45Z" end-time="2017-01-14 02:02:45Z" duration="0.020066" total="5" passed="5" failed="0" warnings="0" inconclusive="0" skipped="0" asserts="5">
              <test-case id="1183" name="ShouldBeNationalDay(09/02/2015 00:00:00)" fullname="DateTimeExtensions.Tests.ViHolidaysTests.ShouldBeNationalDay(09/02/2015 00:00:00)" methodname="ShouldBeNationalDay" classname="DateTimeExtensions.Tests.ViHolidaysTests" runstate="Runnable" seed="401553447" result="Passed" start-time="2017-01-14 02:02:45Z" end-time="2017-01-14 02:02:45Z" duration="0.000573" asserts="1" />
              <test-case id="1184" name="ShouldBeNationalDay(09/02/2112 00:00:00)" fullname="DateTimeExtensions.Tests.ViHolidaysTests.ShouldBeNationalDay(09/02/2112 00:00:00)" methodname="ShouldBeNationalDay" classname="DateTimeExtensions.Tests.ViHolidaysTests" runstate="Runnable" seed="844699478" result="Passed" start-time="2017-01-14 02:02:45Z" end-time="2017-01-14 02:02:45Z" duration="0.000399" asserts="1" />
              <test-case id="1185" name="ShouldBeNationalDay(09/02/2014 00:00:00)" fullname="DateTimeExtensions.Tests.ViHolidaysTests.ShouldBeNationalDay(09/02/2014 00:00:00)" methodname="ShouldBeNationalDay" classname="DateTimeExtensions.Tests.ViHolidaysTests" runstate="Runnable" seed="218548429" result="Passed" start-time="2017-01-14 02:02:45Z" end-time="2017-01-14 02:02:45Z" duration="0.000365" asserts="1" />
              <test-case id="1186" name="ShouldBeNationalDay(09/02/2022 00:00:00)" fullname="DateTimeExtensions.Tests.ViHolidaysTests.ShouldBeNationalDay(09/02/2022 00:00:00)" methodname="ShouldBeNationalDay" classname="DateTimeExtensions.Tests.ViHolidaysTests" runstate="Runnable" seed="1861708868" result="Passed" start-time="2017-01-14 02:02:45Z" end-time="2017-01-14 02:02:45Z" duration="0.000281" asserts="1" />
              <test-case id="1187" name="ShouldBeNationalDay(09/02/2017 00:00:00)" fullname="DateTimeExtensions.Tests.ViHolidaysTests.ShouldBeNationalDay(09/02/2017 00:00:00)" methodname="ShouldBeNationalDay" classname="DateTimeExtensions.Tests.ViHolidaysTests" runstate="Runnable" seed="2039772958" result="Passed" start-time="2017-01-14 02:02:45Z" end-time="2017-01-14 02:02:45Z" duration="0.000301" asserts="1" />
            </test-suite>
            <test-suite type="ParameterizedMethod" id="1194" name="ShouldBeNewYearDay" fullname="DateTimeExtensions.Tests.ViHolidaysTests.ShouldBeNewYearDay" classname="DateTimeExtensions.Tests.ViHolidaysTests" runstate="Runnable" testcasecount="5" result="Passed" start-time="2017-01-14 02:02:45Z" end-time="2017-01-14 02:02:45Z" duration="0.020015" total="5" passed="5" failed="0" warnings="0" inconclusive="0" skipped="0" asserts="5">
              <test-case id="1189" name="ShouldBeNewYearDay(01/01/2015 00:00:00)" fullname="DateTimeExtensions.Tests.ViHolidaysTests.ShouldBeNewYearDay(01/01/2015 00:00:00)" methodname="ShouldBeNewYearDay" classname="DateTimeExtensions.Tests.ViHolidaysTests" runstate="Runnable" seed="1492856512" result="Passed" start-time="2017-01-14 02:02:45Z" end-time="2017-01-14 02:02:45Z" duration="0.000598" asserts="1" />
              <test-case id="1190" name="ShouldBeNewYearDay(01/01/2112 00:00:00)" fullname="DateTimeExtensions.Tests.ViHolidaysTests.ShouldBeNewYearDay(01/01/2112 00:00:00)" methodname="ShouldBeNewYearDay" classname="DateTimeExtensions.Tests.ViHolidaysTests" runstate="Runnable" seed="278831228" result="Passed" start-time="2017-01-14 02:02:45Z" end-time="2017-01-14 02:02:45Z" duration="0.000461" asserts="1" />
              <test-case id="1191" name="ShouldBeNewYearDay(01/01/2014 00:00:00)" fullname="DateTimeExtensions.Tests.ViHolidaysTests.ShouldBeNewYearDay(01/01/2014 00:00:00)" methodname="ShouldBeNewYearDay" classname="DateTimeExtensions.Tests.ViHolidaysTests" runstate="Runnable" seed="252735320" result="Passed" start-time="2017-01-14 02:02:45Z" end-time="2017-01-14 02:02:45Z" duration="0.000374" asserts="1" />
              <test-case id="1192" name="ShouldBeNewYearDay(01/01/2022 00:00:00)" fullname="DateTimeExtensions.Tests.ViHolidaysTests.ShouldBeNewYearDay(01/01/2022 00:00:00)" methodname="ShouldBeNewYearDay" classname="DateTimeExtensions.Tests.ViHolidaysTests" runstate="Runnable" seed="14478934" result="Passed" start-time="2017-01-14 02:02:45Z" end-time="2017-01-14 02:02:45Z" duration="0.000595" asserts="1" />
              <test-case id="1193" name="ShouldBeNewYearDay(01/01/2017 00:00:00)" fullname="DateTimeExtensions.Tests.ViHolidaysTests.ShouldBeNewYearDay(01/01/2017 00:00:00)" methodname="ShouldBeNewYearDay" classname="DateTimeExtensions.Tests.ViHolidaysTests" runstate="Runnable" seed="20837526" result="Passed" start-time="2017-01-14 02:02:45Z" end-time="2017-01-14 02:02:45Z" duration="0.000357" asserts="1" />
            </test-suite>
            <test-case id="1164" name="ShouldGetViVnStrategy" fullname="DateTimeExtensions.Tests.ViHolidaysTests.ShouldGetViVnStrategy" methodname="ShouldGetViVnStrategy" classname="DateTimeExtensions.Tests.ViHolidaysTests" runstate="Runnable" seed="1535351920" result="Passed" start-time="2017-01-14 02:02:45Z" end-time="2017-01-14 02:02:45Z" duration="0.000591" asserts="1" />
            <test-case id="1195" name="VietNamPublicHolidaysShouldBe5" fullname="DateTimeExtensions.Tests.ViHolidaysTests.VietNamPublicHolidaysShouldBe5" methodname="VietNamPublicHolidaysShouldBe5" classname="DateTimeExtensions.Tests.ViHolidaysTests" runstate="Runnable" seed="1609086924" result="Passed" start-time="2017-01-14 02:02:45Z" end-time="2017-01-14 02:02:45Z" duration="0.000624" asserts="1" />
          </test-suite>
        </test-suite>
      </test-suite>
    </test-suite>
  </test-run>
</test-run>